<?xml version="1.0" encoding="utf-8"?>
<TestRun id="74c4290b-b558-4997-ab4f-18e636d22db8" name="kimri@ORION-CRYPTO 2026-01-02 20:46:11" runUser="ORION-CRYPTO\kimri" xmlns="http://microsoft.com/schemas/VisualStudio/TeamTest/2010">
  <Times creation="2026-01-02T20:46:11.6056782-08:00" queuing="2026-01-02T20:46:11.6056785-08:00" start="2026-01-02T20:46:08.5737586-08:00" finish="2026-01-02T20:46:12.4771728-08:00" />
  <TestSettings name="default" id="50abf101-249f-4dfe-a619-c730aec87812">
    <Deployment runDeploymentRoot="kimri_ORION-CRYPTO_2026-01-02_20_46_11" />
  </TestSettings>
  <Results>
    <UnitTestResult executionId="00aae142-e5c9-4c3d-acd4-0cfdde4aea41" testId="e29c5ed9-48f7-ca0c-56bf-cfd8492f5fae" testName="Zebrahoof_EMR.IntegrationTests.DataIntegrityTests.GDPR_Compliance_Features_Work" computerName="ORION-CRYPTO" duration="00:00:00.0165910" startTime="2026-01-02T20:46:11.6374173-08:00" endTime="2026-01-02T20:46:11.7117909-08:00" testType="13cdc9d9-ddb5-4fa4-a97d-d965ccfc6d4b" outcome="Failed" testListId="8c84fa94-04c1-424b-9868-57a2d4851a1d" relativeResultsDirectory="00aae142-e5c9-4c3d-acd4-0cfdde4aea41">
      <Output>
        <ErrorInfo>
          <Message>Assert.NotEmpty() Failure: Collection was empty</Message>
          <StackTrace>   at Zebrahoof_EMR.IntegrationTests.DataIntegrityTests.&lt;&gt;c__DisplayClass7_0.&lt;&lt;GDPR_Compliance_Features_Work&gt;b__4&gt;d.MoveNext() in C:\Users\kimri\OneDrive\Desktop\cloned repos\Zebrahoof EMR\tests\Zebrahoof.EMR.IntegrationTests\DataIntegrityTests.cs:line 283&#xD;
--- End of stack trace from previous location ---&#xD;
   at Zebrahoof_EMR.IntegrationTests.CustomWebApplicationFactory.ExecuteDbContextAsync(Func`2 action) in C:\Users\kimri\OneDrive\Desktop\cloned repos\Zebrahoof EMR\tests\Zebrahoof.EMR.IntegrationTests\CustomWebApplicationFactory.cs:line 49&#xD;
   at Zebrahoof_EMR.IntegrationTests.DataIntegrityTests.GDPR_Compliance_Features_Work() in C:\Users\kimri\OneDrive\Desktop\cloned repos\Zebrahoof EMR\tests\Zebrahoof.EMR.IntegrationTests\DataIntegrityTests.cs:line 277&#xD;
--- End of stack trace from previous location ---</StackTrace>
        </ErrorInfo>
      </Output>
    </UnitTestResult>
    <UnitTestResult executionId="c4484a0a-f75f-4e99-a618-9dd62881dbca" testId="8246896a-a07c-29f4-2574-6acf32ef7ecf" testName="Zebrahoof_EMR.IntegrationTests.SecurityTests.Session_WithInvalidToken_Rejected" computerName="ORION-CRYPTO" duration="00:00:00.0010000" startTime="2026-01-02T20:46:11.8091928-08:00" endTime="2026-01-02T20:46:11.8595976-08:00" testType="13cdc9d9-ddb5-4fa4-a97d-d965ccfc6d4b" outcome="Failed" testListId="8c84fa94-04c1-424b-9868-57a2d4851a1d" relativeResultsDirectory="c4484a0a-f75f-4e99-a618-9dd62881dbca">
      <Output>
        <ErrorInfo>
          <Message>System.InvalidOperationException : Failed to create admin test user: Username 'admin' is already taken.</Message>
          <StackTrace>   at Zebrahoof_EMR.IntegrationTests.TestDataSeeder.SeedAdminUserAsync(IServiceProvider services) in C:\Users\kimri\OneDrive\Desktop\cloned repos\Zebrahoof EMR\tests\Zebrahoof.EMR.IntegrationTests\TestDataSeeder.cs:line 146&#xD;
   at Zebrahoof_EMR.IntegrationTests.SecurityTests.&lt;&gt;c.&lt;&lt;InitializeAsync&gt;b__3_0&gt;d.MoveNext() in C:\Users\kimri\OneDrive\Desktop\cloned repos\Zebrahoof EMR\tests\Zebrahoof.EMR.IntegrationTests\SecurityTests.cs:line 33&#xD;
--- End of stack trace from previous location ---&#xD;
   at Zebrahoof_EMR.IntegrationTests.CustomWebApplicationFactory.ExecuteScopeAsync(Func`2 action) in C:\Users\kimri\OneDrive\Desktop\cloned repos\Zebrahoof EMR\tests\Zebrahoof.EMR.IntegrationTests\CustomWebApplicationFactory.cs:line 55&#xD;
   at Zebrahoof_EMR.IntegrationTests.SecurityTests.InitializeAsync() in C:\Users\kimri\OneDrive\Desktop\cloned repos\Zebrahoof EMR\tests\Zebrahoof.EMR.IntegrationTests\SecurityTests.cs:line 30</StackTrace>
        </ErrorInfo>
      </Output>
    </UnitTestResult>
    <UnitTestResult executionId="5d17ee49-d242-4a8f-991d-a88878b250f5" testId="3f3489ba-703f-a595-4f45-5edc75c144c0" testName="Zebrahoof_EMR.IntegrationTests.DataIntegrityTests.DataBackup_Restore_Scenarios_Work" computerName="ORION-CRYPTO" duration="00:00:00.0194457" startTime="2026-01-02T20:46:11.8031905-08:00" endTime="2026-01-02T20:46:11.8860472-08:00" testType="13cdc9d9-ddb5-4fa4-a97d-d965ccfc6d4b" outcome="Failed" testListId="8c84fa94-04c1-424b-9868-57a2d4851a1d" relativeResultsDirectory="5d17ee49-d242-4a8f-991d-a88878b250f5">
      <Output>
        <ErrorInfo>
          <Message>System.NotSupportedException : SQLite does not support expressions of type 'DateTimeOffset' in ORDER BY clauses. Convert the values to a supported type, or use LINQ to Objects to order the results on the client side.</Message>
          <StackTrace>   at Microsoft.EntityFrameworkCore.Sqlite.Query.Internal.SqliteQueryableMethodTranslatingExpressionVisitor.TranslateOrderBy(ShapedQueryExpression source, LambdaExpression keySelector, Boolean ascending)&#xD;
   at Microsoft.EntityFrameworkCore.Query.QueryableMethodTranslatingExpressionVisitor.VisitMethodCall(MethodCallExpression methodCallExpression)&#xD;
   at Microsoft.EntityFrameworkCore.Query.RelationalQueryableMethodTranslatingExpressionVisitor.VisitMethodCall(MethodCallExpression methodCallExpression)&#xD;
   at Microsoft.EntityFrameworkCore.Query.QueryableMethodTranslatingExpressionVisitor.Translate(Expression expression)&#xD;
   at Microsoft.EntityFrameworkCore.Query.RelationalQueryableMethodTranslatingExpressionVisitor.Translate(Expression expression)&#xD;
   at Microsoft.EntityFrameworkCore.Query.QueryCompilationContext.CreateQueryExecutor[TResult](Expression query)&#xD;
   at Microsoft.EntityFrameworkCore.Storage.Database.CompileQuery[TResult](Expression query, Boolean async)&#xD;
   at Microsoft.EntityFrameworkCore.Query.Internal.QueryCompiler.CompileQueryCore[TResult](IDatabase database, Expression query, IModel model, Boolean async)&#xD;
   at Microsoft.EntityFrameworkCore.Query.Internal.QueryCompiler.&lt;&gt;c__DisplayClass12_0`1.&lt;ExecuteAsync&gt;b__0()&#xD;
   at Microsoft.EntityFrameworkCore.Query.Internal.CompiledQueryCache.GetOrAddQuery[TResult](Object cacheKey, Func`1 compiler)&#xD;
   at Microsoft.EntityFrameworkCore.Query.Internal.QueryCompiler.ExecuteAsync[TResult](Expression query, CancellationToken cancellationToken)&#xD;
   at Microsoft.EntityFrameworkCore.Query.Internal.EntityQueryProvider.ExecuteAsync[TResult](Expression expression, CancellationToken cancellationToken)&#xD;
   at Microsoft.EntityFrameworkCore.Query.Internal.EntityQueryable`1.GetAsyncEnumerator(CancellationToken cancellationToken)&#xD;
   at System.Runtime.CompilerServices.ConfiguredCancelableAsyncEnumerable`1.GetAsyncEnumerator()&#xD;
   at Microsoft.EntityFrameworkCore.EntityFrameworkQueryableExtensions.ToListAsync[TSource](IQueryable`1 source, CancellationToken cancellationToken)&#xD;
   at Zebrahoof_EMR.IntegrationTests.DataIntegrityTests.&lt;&gt;c__DisplayClass6_0.&lt;&lt;DataBackup_Restore_Scenarios_Work&gt;b__4&gt;d.MoveNext() in C:\Users\kimri\OneDrive\Desktop\cloned repos\Zebrahoof EMR\tests\Zebrahoof.EMR.IntegrationTests\DataIntegrityTests.cs:line 187&#xD;
--- End of stack trace from previous location ---&#xD;
   at Zebrahoof_EMR.IntegrationTests.CustomWebApplicationFactory.ExecuteDbContextAsync(Func`2 action) in C:\Users\kimri\OneDrive\Desktop\cloned repos\Zebrahoof EMR\tests\Zebrahoof.EMR.IntegrationTests\CustomWebApplicationFactory.cs:line 49&#xD;
   at Zebrahoof_EMR.IntegrationTests.DataIntegrityTests.DataBackup_Restore_Scenarios_Work() in C:\Users\kimri\OneDrive\Desktop\cloned repos\Zebrahoof EMR\tests\Zebrahoof.EMR.IntegrationTests\DataIntegrityTests.cs:line 185&#xD;
--- End of stack trace from previous location ---</StackTrace>
        </ErrorInfo>
      </Output>
    </UnitTestResult>
    <UnitTestResult executionId="593df63d-2b46-4464-beae-96572c8fb578" testId="97bc71ca-5a7c-4269-b63a-89a4bd072ba7" testName="Zebrahoof_EMR.IntegrationTests.SessionManagementTests.GetSessionInfo_WithValidSession_ReturnsRemainingTimes" computerName="ORION-CRYPTO" duration="00:00:00.0677094" startTime="2026-01-02T20:46:12.0043286-08:00" endTime="2026-01-02T20:46:12.1314488-08:00" testType="13cdc9d9-ddb5-4fa4-a97d-d965ccfc6d4b" outcome="Failed" testListId="8c84fa94-04c1-424b-9868-57a2d4851a1d" relativeResultsDirectory="593df63d-2b46-4464-beae-96572c8fb578">
      <Output>
        <ErrorInfo>
          <Message>System.Net.Http.HttpRequestException : Response status code does not indicate success: 302 (Found).</Message>
          <StackTrace>   at System.Net.Http.HttpResponseMessage.EnsureSuccessStatusCode()&#xD;
   at Zebrahoof_EMR.IntegrationTests.SessionManagementTests.GetSessionInfo_WithValidSession_ReturnsRemainingTimes() in C:\Users\kimri\OneDrive\Desktop\cloned repos\Zebrahoof EMR\tests\Zebrahoof.EMR.IntegrationTests\SessionManagementTests.cs:line 221&#xD;
--- End of stack trace from previous location ---</StackTrace>
        </ErrorInfo>
      </Output>
    </UnitTestResult>
    <UnitTestResult executionId="c3468067-73a5-41eb-9ffb-576881b70549" testId="a1813019-c6f7-30bb-a374-1e7d24dc8cd2" testName="Zebrahoof_EMR.IntegrationTests.AccountAuthFlowTests.Login_WithEmailInsteadOfUsername_WorksCorrectly" computerName="ORION-CRYPTO" duration="00:00:00.0010000" startTime="2026-01-02T20:46:12.1683611-08:00" endTime="2026-01-02T20:46:12.2223770-08:00" testType="13cdc9d9-ddb5-4fa4-a97d-d965ccfc6d4b" outcome="Failed" testListId="8c84fa94-04c1-424b-9868-57a2d4851a1d" relativeResultsDirectory="c3468067-73a5-41eb-9ffb-576881b70549">
      <Output>
        <ErrorInfo>
          <Message>System.InvalidOperationException : Failed to create inactive test user: Username 'inactiveuser' is already taken.</Message>
          <StackTrace>   at Zebrahoof_EMR.IntegrationTests.TestDataSeeder.SeedInactiveUserAsync(IServiceProvider services) in C:\Users\kimri\OneDrive\Desktop\cloned repos\Zebrahoof EMR\tests\Zebrahoof.EMR.IntegrationTests\TestDataSeeder.cs:line 95&#xD;
   at Zebrahoof_EMR.IntegrationTests.AccountAuthFlowTests.&lt;&gt;c.&lt;&lt;InitializeAsync&gt;b__3_0&gt;d.MoveNext() in C:\Users\kimri\OneDrive\Desktop\cloned repos\Zebrahoof EMR\tests\Zebrahoof.EMR.IntegrationTests\AccountAuthFlowTests.cs:line 33&#xD;
--- End of stack trace from previous location ---&#xD;
   at Zebrahoof_EMR.IntegrationTests.CustomWebApplicationFactory.ExecuteScopeAsync(Func`2 action) in C:\Users\kimri\OneDrive\Desktop\cloned repos\Zebrahoof EMR\tests\Zebrahoof.EMR.IntegrationTests\CustomWebApplicationFactory.cs:line 55&#xD;
   at Zebrahoof_EMR.IntegrationTests.AccountAuthFlowTests.InitializeAsync() in C:\Users\kimri\OneDrive\Desktop\cloned repos\Zebrahoof EMR\tests\Zebrahoof.EMR.IntegrationTests\AccountAuthFlowTests.cs:line 30</StackTrace>
        </ErrorInfo>
      </Output>
    </UnitTestResult>
    <UnitTestResult executionId="0d874db8-c924-4171-820e-8771c16739c4" testId="72470cf0-21a9-e7fc-7632-0f339537b477" testName="Zebrahoof_EMR.IntegrationTests.AccountAuthFlowTests.Login_WithRememberMe_CreatesPersistentSession" computerName="ORION-CRYPTO" duration="00:00:00.0010000" startTime="2026-01-02T20:46:11.8261253-08:00" endTime="2026-01-02T20:46:11.8811136-08:00" testType="13cdc9d9-ddb5-4fa4-a97d-d965ccfc6d4b" outcome="Failed" testListId="8c84fa94-04c1-424b-9868-57a2d4851a1d" relativeResultsDirectory="0d874db8-c924-4171-820e-8771c16739c4">
      <Output>
        <ErrorInfo>
          <Message>System.InvalidOperationException : Failed to create inactive test user: Username 'inactiveuser' is already taken.</Message>
          <StackTrace>   at Zebrahoof_EMR.IntegrationTests.TestDataSeeder.SeedInactiveUserAsync(IServiceProvider services) in C:\Users\kimri\OneDrive\Desktop\cloned repos\Zebrahoof EMR\tests\Zebrahoof.EMR.IntegrationTests\TestDataSeeder.cs:line 95&#xD;
   at Zebrahoof_EMR.IntegrationTests.AccountAuthFlowTests.&lt;&gt;c.&lt;&lt;InitializeAsync&gt;b__3_0&gt;d.MoveNext() in C:\Users\kimri\OneDrive\Desktop\cloned repos\Zebrahoof EMR\tests\Zebrahoof.EMR.IntegrationTests\AccountAuthFlowTests.cs:line 33&#xD;
--- End of stack trace from previous location ---&#xD;
   at Zebrahoof_EMR.IntegrationTests.CustomWebApplicationFactory.ExecuteScopeAsync(Func`2 action) in C:\Users\kimri\OneDrive\Desktop\cloned repos\Zebrahoof EMR\tests\Zebrahoof.EMR.IntegrationTests\CustomWebApplicationFactory.cs:line 55&#xD;
   at Zebrahoof_EMR.IntegrationTests.AccountAuthFlowTests.InitializeAsync() in C:\Users\kimri\OneDrive\Desktop\cloned repos\Zebrahoof EMR\tests\Zebrahoof.EMR.IntegrationTests\AccountAuthFlowTests.cs:line 30</StackTrace>
        </ErrorInfo>
      </Output>
    </UnitTestResult>
    <UnitTestResult executionId="e5862eb8-bad6-4b4c-bf0d-20667ba73a4c" testId="4c64fb36-08a1-6fc5-f001-68030e610cf6" testName="Zebrahoof_EMR.IntegrationTests.SecurityTests.Input_WithMaliciousData_Sanitized" computerName="ORION-CRYPTO" duration="00:00:00.0010000" startTime="2026-01-02T20:46:09.1102325-08:00" endTime="2026-01-02T20:46:11.5524728-08:00" testType="13cdc9d9-ddb5-4fa4-a97d-d965ccfc6d4b" outcome="Failed" testListId="8c84fa94-04c1-424b-9868-57a2d4851a1d" relativeResultsDirectory="e5862eb8-bad6-4b4c-bf0d-20667ba73a4c">
      <Output>
        <ErrorInfo>
          <Message>System.InvalidOperationException : Failed to create admin test user: Username 'admin' is already taken.</Message>
          <StackTrace>   at Zebrahoof_EMR.IntegrationTests.TestDataSeeder.SeedAdminUserAsync(IServiceProvider services) in C:\Users\kimri\OneDrive\Desktop\cloned repos\Zebrahoof EMR\tests\Zebrahoof.EMR.IntegrationTests\TestDataSeeder.cs:line 146&#xD;
   at Zebrahoof_EMR.IntegrationTests.SecurityTests.&lt;&gt;c.&lt;&lt;InitializeAsync&gt;b__3_0&gt;d.MoveNext() in C:\Users\kimri\OneDrive\Desktop\cloned repos\Zebrahoof EMR\tests\Zebrahoof.EMR.IntegrationTests\SecurityTests.cs:line 33&#xD;
--- End of stack trace from previous location ---&#xD;
   at Zebrahoof_EMR.IntegrationTests.CustomWebApplicationFactory.ExecuteScopeAsync(Func`2 action) in C:\Users\kimri\OneDrive\Desktop\cloned repos\Zebrahoof EMR\tests\Zebrahoof.EMR.IntegrationTests\CustomWebApplicationFactory.cs:line 55&#xD;
   at Zebrahoof_EMR.IntegrationTests.SecurityTests.InitializeAsync() in C:\Users\kimri\OneDrive\Desktop\cloned repos\Zebrahoof EMR\tests\Zebrahoof.EMR.IntegrationTests\SecurityTests.cs:line 30</StackTrace>
        </ErrorInfo>
      </Output>
    </UnitTestResult>
    <UnitTestResult executionId="22e185cc-7b92-4452-883c-dd9ea2ec04f1" testId="e25f793b-f9e5-96e1-21fc-783e43786bdf" testName="Zebrahoof_EMR.IntegrationTests.DisasterRecoveryTests.Application_Restart_Behavior_Correct" computerName="ORION-CRYPTO" duration="00:00:00.0056833" startTime="2026-01-02T20:46:11.8557517-08:00" endTime="2026-01-02T20:46:11.9332700-08:00" testType="13cdc9d9-ddb5-4fa4-a97d-d965ccfc6d4b" outcome="Failed" testListId="8c84fa94-04c1-424b-9868-57a2d4851a1d" relativeResultsDirectory="22e185cc-7b92-4452-883c-dd9ea2ec04f1">
      <Output>
        <ErrorInfo>
          <Message>Microsoft.EntityFrameworkCore.DbUpdateException : An error occurred while saving the entity changes. See the inner exception for details.&#xD;
---- Microsoft.Data.Sqlite.SqliteException : SQLite Error 19: 'FOREIGN KEY constraint failed'.</Message>
          <StackTrace>   at Microsoft.EntityFrameworkCore.Update.ReaderModificationCommandBatch.ExecuteAsync(IRelationalConnection connection, CancellationToken cancellationToken)&#xD;
   at Microsoft.EntityFrameworkCore.Update.Internal.BatchExecutor.ExecuteAsync(IEnumerable`1 commandBatches, IRelationalConnection connection, CancellationToken cancellationToken)&#xD;
   at Microsoft.EntityFrameworkCore.Update.Internal.BatchExecutor.ExecuteAsync(IEnumerable`1 commandBatches, IRelationalConnection connection, CancellationToken cancellationToken)&#xD;
   at Microsoft.EntityFrameworkCore.Update.Internal.BatchExecutor.ExecuteAsync(IEnumerable`1 commandBatches, IRelationalConnection connection, CancellationToken cancellationToken)&#xD;
   at Microsoft.EntityFrameworkCore.ChangeTracking.Internal.StateManager.SaveChangesAsync(IList`1 entriesToSave, CancellationToken cancellationToken)&#xD;
   at Microsoft.EntityFrameworkCore.ChangeTracking.Internal.StateManager.SaveChangesAsync(StateManager stateManager, Boolean acceptAllChangesOnSuccess, CancellationToken cancellationToken)&#xD;
   at Microsoft.EntityFrameworkCore.DbContext.SaveChangesAsync(Boolean acceptAllChangesOnSuccess, CancellationToken cancellationToken)&#xD;
   at Microsoft.EntityFrameworkCore.DbContext.SaveChangesAsync(Boolean acceptAllChangesOnSuccess, CancellationToken cancellationToken)&#xD;
   at Zebrahoof_EMR.IntegrationTests.DisasterRecoveryTests.&lt;&gt;c__DisplayClass5_0.&lt;&lt;Application_Restart_Behavior_Correct&gt;b__0&gt;d.MoveNext() in C:\Users\kimri\OneDrive\Desktop\cloned repos\Zebrahoof EMR\tests\Zebrahoof.EMR.IntegrationTests\DisasterRecoveryTests.cs:line 137&#xD;
--- End of stack trace from previous location ---&#xD;
   at Zebrahoof_EMR.IntegrationTests.CustomWebApplicationFactory.ExecuteDbContextAsync(Func`2 action) in C:\Users\kimri\OneDrive\Desktop\cloned repos\Zebrahoof EMR\tests\Zebrahoof.EMR.IntegrationTests\CustomWebApplicationFactory.cs:line 49&#xD;
   at Zebrahoof_EMR.IntegrationTests.DisasterRecoveryTests.Application_Restart_Behavior_Correct() in C:\Users\kimri\OneDrive\Desktop\cloned repos\Zebrahoof EMR\tests\Zebrahoof.EMR.IntegrationTests\DisasterRecoveryTests.cs:line 113&#xD;
--- End of stack trace from previous location ---&#xD;
----- Inner Stack Trace -----&#xD;
   at Microsoft.Data.Sqlite.SqliteException.ThrowExceptionForRC(Int32 rc, sqlite3 db)&#xD;
   at Microsoft.Data.Sqlite.SqliteDataReader.NextResult()&#xD;
   at Microsoft.Data.Sqlite.SqliteCommand.ExecuteReader(CommandBehavior behavior)&#xD;
   at Microsoft.Data.Sqlite.SqliteCommand.ExecuteReaderAsync(CommandBehavior behavior, CancellationToken cancellationToken)&#xD;
   at Microsoft.Data.Sqlite.SqliteCommand.ExecuteDbDataReaderAsync(CommandBehavior behavior, CancellationToken cancellationToken)&#xD;
   at Microsoft.EntityFrameworkCore.Storage.RelationalCommand.ExecuteReaderAsync(RelationalCommandParameterObject parameterObject, CancellationToken cancellationToken)&#xD;
   at Microsoft.EntityFrameworkCore.Storage.RelationalCommand.ExecuteReaderAsync(RelationalCommandParameterObject parameterObject, CancellationToken cancellationToken)&#xD;
   at Microsoft.EntityFrameworkCore.Update.ReaderModificationCommandBatch.ExecuteAsync(IRelationalConnection connection, CancellationToken cancellationToken)</StackTrace>
        </ErrorInfo>
      </Output>
    </UnitTestResult>
    <UnitTestResult executionId="c19fcd94-fc97-4b74-b69e-102b4ec0cfc4" testId="958d0485-c1eb-8b49-ba09-7f5631fb691d" testName="Zebrahoof_EMR.IntegrationTests.AccountAuthFlowTests.Logout_WithValidSession_ClearsCookiesAndRevokesSession" computerName="ORION-CRYPTO" duration="00:00:00.0010000" startTime="2026-01-02T20:46:11.7540965-08:00" endTime="2026-01-02T20:46:11.8253350-08:00" testType="13cdc9d9-ddb5-4fa4-a97d-d965ccfc6d4b" outcome="Failed" testListId="8c84fa94-04c1-424b-9868-57a2d4851a1d" relativeResultsDirectory="c19fcd94-fc97-4b74-b69e-102b4ec0cfc4">
      <Output>
        <ErrorInfo>
          <Message>System.InvalidOperationException : Failed to create inactive test user: Username 'inactiveuser' is already taken.</Message>
          <StackTrace>   at Zebrahoof_EMR.IntegrationTests.TestDataSeeder.SeedInactiveUserAsync(IServiceProvider services) in C:\Users\kimri\OneDrive\Desktop\cloned repos\Zebrahoof EMR\tests\Zebrahoof.EMR.IntegrationTests\TestDataSeeder.cs:line 95&#xD;
   at Zebrahoof_EMR.IntegrationTests.AccountAuthFlowTests.&lt;&gt;c.&lt;&lt;InitializeAsync&gt;b__3_0&gt;d.MoveNext() in C:\Users\kimri\OneDrive\Desktop\cloned repos\Zebrahoof EMR\tests\Zebrahoof.EMR.IntegrationTests\AccountAuthFlowTests.cs:line 33&#xD;
--- End of stack trace from previous location ---&#xD;
   at Zebrahoof_EMR.IntegrationTests.CustomWebApplicationFactory.ExecuteScopeAsync(Func`2 action) in C:\Users\kimri\OneDrive\Desktop\cloned repos\Zebrahoof EMR\tests\Zebrahoof.EMR.IntegrationTests\CustomWebApplicationFactory.cs:line 55&#xD;
   at Zebrahoof_EMR.IntegrationTests.AccountAuthFlowTests.InitializeAsync() in C:\Users\kimri\OneDrive\Desktop\cloned repos\Zebrahoof EMR\tests\Zebrahoof.EMR.IntegrationTests\AccountAuthFlowTests.cs:line 30</StackTrace>
        </ErrorInfo>
      </Output>
    </UnitTestResult>
    <UnitTestResult executionId="b2be8eed-5b44-43be-a284-847fd0b0c0aa" testId="bd7d164a-d664-7e37-4697-076939f37004" testName="Zebrahoof_EMR.IntegrationTests.SecurityTests.AdminEndpoint_WithNonAdminUser_ReturnsForbidden" computerName="ORION-CRYPTO" duration="00:00:00.0010000" startTime="2026-01-02T20:46:11.9999025-08:00" endTime="2026-01-02T20:46:12.0525254-08:00" testType="13cdc9d9-ddb5-4fa4-a97d-d965ccfc6d4b" outcome="Failed" testListId="8c84fa94-04c1-424b-9868-57a2d4851a1d" relativeResultsDirectory="b2be8eed-5b44-43be-a284-847fd0b0c0aa">
      <Output>
        <ErrorInfo>
          <Message>System.InvalidOperationException : Failed to create admin test user: Username 'admin' is already taken.</Message>
          <StackTrace>   at Zebrahoof_EMR.IntegrationTests.TestDataSeeder.SeedAdminUserAsync(IServiceProvider services) in C:\Users\kimri\OneDrive\Desktop\cloned repos\Zebrahoof EMR\tests\Zebrahoof.EMR.IntegrationTests\TestDataSeeder.cs:line 146&#xD;
   at Zebrahoof_EMR.IntegrationTests.SecurityTests.&lt;&gt;c.&lt;&lt;InitializeAsync&gt;b__3_0&gt;d.MoveNext() in C:\Users\kimri\OneDrive\Desktop\cloned repos\Zebrahoof EMR\tests\Zebrahoof.EMR.IntegrationTests\SecurityTests.cs:line 33&#xD;
--- End of stack trace from previous location ---&#xD;
   at Zebrahoof_EMR.IntegrationTests.CustomWebApplicationFactory.ExecuteScopeAsync(Func`2 action) in C:\Users\kimri\OneDrive\Desktop\cloned repos\Zebrahoof EMR\tests\Zebrahoof.EMR.IntegrationTests\CustomWebApplicationFactory.cs:line 55&#xD;
   at Zebrahoof_EMR.IntegrationTests.SecurityTests.InitializeAsync() in C:\Users\kimri\OneDrive\Desktop\cloned repos\Zebrahoof EMR\tests\Zebrahoof.EMR.IntegrationTests\SecurityTests.cs:line 30</StackTrace>
        </ErrorInfo>
      </Output>
    </UnitTestResult>
    <UnitTestResult executionId="2dfd2895-3e2f-4dee-8468-81f31c5280ba" testId="0bb25dfb-2e63-2dda-e052-96c144e194a7" testName="Zebrahoof_EMR.IntegrationTests.AccountAuthFlowTests.Logout_WithoutValidSession_StillRedirectsSuccessfully" computerName="ORION-CRYPTO" duration="00:00:00.0010000" startTime="2026-01-02T20:46:12.2231929-08:00" endTime="2026-01-02T20:46:12.2955884-08:00" testType="13cdc9d9-ddb5-4fa4-a97d-d965ccfc6d4b" outcome="Failed" testListId="8c84fa94-04c1-424b-9868-57a2d4851a1d" relativeResultsDirectory="2dfd2895-3e2f-4dee-8468-81f31c5280ba">
      <Output>
        <ErrorInfo>
          <Message>System.InvalidOperationException : Failed to create inactive test user: Username 'inactiveuser' is already taken.</Message>
          <StackTrace>   at Zebrahoof_EMR.IntegrationTests.TestDataSeeder.SeedInactiveUserAsync(IServiceProvider services) in C:\Users\kimri\OneDrive\Desktop\cloned repos\Zebrahoof EMR\tests\Zebrahoof.EMR.IntegrationTests\TestDataSeeder.cs:line 95&#xD;
   at Zebrahoof_EMR.IntegrationTests.AccountAuthFlowTests.&lt;&gt;c.&lt;&lt;InitializeAsync&gt;b__3_0&gt;d.MoveNext() in C:\Users\kimri\OneDrive\Desktop\cloned repos\Zebrahoof EMR\tests\Zebrahoof.EMR.IntegrationTests\AccountAuthFlowTests.cs:line 33&#xD;
--- End of stack trace from previous location ---&#xD;
   at Zebrahoof_EMR.IntegrationTests.CustomWebApplicationFactory.ExecuteScopeAsync(Func`2 action) in C:\Users\kimri\OneDrive\Desktop\cloned repos\Zebrahoof EMR\tests\Zebrahoof.EMR.IntegrationTests\CustomWebApplicationFactory.cs:line 55&#xD;
   at Zebrahoof_EMR.IntegrationTests.AccountAuthFlowTests.InitializeAsync() in C:\Users\kimri\OneDrive\Desktop\cloned repos\Zebrahoof EMR\tests\Zebrahoof.EMR.IntegrationTests\AccountAuthFlowTests.cs:line 30</StackTrace>
        </ErrorInfo>
      </Output>
    </UnitTestResult>
    <UnitTestResult executionId="c417b582-783f-4bb4-bbf4-534cf7887a8d" testId="2a853b8f-1e50-0ac8-8122-02681eb97a59" testName="Zebrahoof_EMR.IntegrationTests.DatabaseMigrationTests.Database_Transactions_RollbackOnFailure" computerName="ORION-CRYPTO" duration="00:00:00.0180276" startTime="2026-01-02T20:46:11.5537052-08:00" endTime="2026-01-02T20:46:11.5714159-08:00" testType="13cdc9d9-ddb5-4fa4-a97d-d965ccfc6d4b" outcome="Failed" testListId="8c84fa94-04c1-424b-9868-57a2d4851a1d" relativeResultsDirectory="c417b582-783f-4bb4-bbf4-534cf7887a8d">
      <Output>
        <ErrorInfo>
          <Message>Assert.Throws() Failure: Exception type was not an exact match&#xD;
Expected: typeof(System.Exception)&#xD;
Actual:   typeof(System.InvalidOperationException)&#xD;
---- System.InvalidOperationException : Simulated failure</Message>
          <StackTrace>   at Zebrahoof_EMR.IntegrationTests.DatabaseMigrationTests.Database_Transactions_RollbackOnFailure() in C:\Users\kimri\OneDrive\Desktop\cloned repos\Zebrahoof EMR\tests\Zebrahoof.EMR.IntegrationTests\DatabaseMigrationTests.cs:line 155&#xD;
--- End of stack trace from previous location ---&#xD;
----- Inner Stack Trace -----&#xD;
   at Zebrahoof_EMR.IntegrationTests.DatabaseMigrationTests.&lt;&gt;c.&lt;&lt;Database_Transactions_RollbackOnFailure&gt;b__8_2&gt;d.MoveNext() in C:\Users\kimri\OneDrive\Desktop\cloned repos\Zebrahoof EMR\tests\Zebrahoof.EMR.IntegrationTests\DatabaseMigrationTests.cs:line 175&#xD;
--- End of stack trace from previous location ---&#xD;
   at Zebrahoof_EMR.IntegrationTests.DatabaseMigrationTests.&lt;&gt;c.&lt;&lt;Database_Transactions_RollbackOnFailure&gt;b__8_2&gt;d.MoveNext() in C:\Users\kimri\OneDrive\Desktop\cloned repos\Zebrahoof EMR\tests\Zebrahoof.EMR.IntegrationTests\DatabaseMigrationTests.cs:line 180&#xD;
--- End of stack trace from previous location ---&#xD;
   at Zebrahoof_EMR.IntegrationTests.CustomWebApplicationFactory.ExecuteDbContextAsync(Func`2 action) in C:\Users\kimri\OneDrive\Desktop\cloned repos\Zebrahoof EMR\tests\Zebrahoof.EMR.IntegrationTests\CustomWebApplicationFactory.cs:line 49&#xD;
   at Zebrahoof_EMR.IntegrationTests.DatabaseMigrationTests.&lt;Database_Transactions_RollbackOnFailure&gt;b__8_0() in C:\Users\kimri\OneDrive\Desktop\cloned repos\Zebrahoof EMR\tests\Zebrahoof.EMR.IntegrationTests\DatabaseMigrationTests.cs:line 157</StackTrace>
        </ErrorInfo>
      </Output>
    </UnitTestResult>
    <UnitTestResult executionId="326549ec-592f-4448-9f4a-63ca0870438c" testId="08bbf20f-f7f5-ac9b-8fec-6153f4f7941b" testName="Zebrahoof_EMR.IntegrationTests.DataIntegrityTests.ConcurrentData_Modifications_HandledCorrectly" computerName="ORION-CRYPTO" duration="00:00:00.0133371" startTime="2026-01-02T20:46:11.7130016-08:00" endTime="2026-01-02T20:46:11.8026492-08:00" testType="13cdc9d9-ddb5-4fa4-a97d-d965ccfc6d4b" outcome="Failed" testListId="8c84fa94-04c1-424b-9868-57a2d4851a1d" relativeResultsDirectory="326549ec-592f-4448-9f4a-63ca0870438c">
      <Output>
        <ErrorInfo>
          <Message>At least one concurrent operation should succeed</Message>
          <StackTrace>   at Zebrahoof_EMR.IntegrationTests.DataIntegrityTests.ConcurrentData_Modifications_HandledCorrectly() in C:\Users\kimri\OneDrive\Desktop\cloned repos\Zebrahoof EMR\tests\Zebrahoof.EMR.IntegrationTests\DataIntegrityTests.cs:line 73&#xD;
--- End of stack trace from previous location ---</StackTrace>
        </ErrorInfo>
      </Output>
    </UnitTestResult>
    <UnitTestResult executionId="1781bd94-0226-45a5-b1e6-3ae62310b45b" testId="dfc60476-97f6-8fea-5604-0e8a3471e99c" testName="Zebrahoof_EMR.IntegrationTests.DatabaseMigrationTests.Database_CanBeCreated_WithMigrations" computerName="ORION-CRYPTO" duration="00:00:00.0036204" startTime="2026-01-02T20:46:11.7113429-08:00" endTime="2026-01-02T20:46:11.7149958-08:00" testType="13cdc9d9-ddb5-4fa4-a97d-d965ccfc6d4b" outcome="Passed" testListId="8c84fa94-04c1-424b-9868-57a2d4851a1d" relativeResultsDirectory="1781bd94-0226-45a5-b1e6-3ae62310b45b" />
    <UnitTestResult executionId="8e37d2e0-19d9-4838-bfed-b6c1134d1a41" testId="b24102e5-62bd-18bc-0e53-042edaf4b99b" testName="Zebrahoof_EMR.IntegrationTests.SecurityTests.Login_WithInvalidCredentials_ReturnsUnauthorized" computerName="ORION-CRYPTO" duration="00:00:00.0010000" startTime="2026-01-02T20:46:11.6869276-08:00" endTime="2026-01-02T20:46:11.7411004-08:00" testType="13cdc9d9-ddb5-4fa4-a97d-d965ccfc6d4b" outcome="Failed" testListId="8c84fa94-04c1-424b-9868-57a2d4851a1d" relativeResultsDirectory="8e37d2e0-19d9-4838-bfed-b6c1134d1a41">
      <Output>
        <ErrorInfo>
          <Message>System.InvalidOperationException : Failed to create admin test user: Username 'admin' is already taken.</Message>
          <StackTrace>   at Zebrahoof_EMR.IntegrationTests.TestDataSeeder.SeedAdminUserAsync(IServiceProvider services) in C:\Users\kimri\OneDrive\Desktop\cloned repos\Zebrahoof EMR\tests\Zebrahoof.EMR.IntegrationTests\TestDataSeeder.cs:line 146&#xD;
   at Zebrahoof_EMR.IntegrationTests.SecurityTests.&lt;&gt;c.&lt;&lt;InitializeAsync&gt;b__3_0&gt;d.MoveNext() in C:\Users\kimri\OneDrive\Desktop\cloned repos\Zebrahoof EMR\tests\Zebrahoof.EMR.IntegrationTests\SecurityTests.cs:line 33&#xD;
--- End of stack trace from previous location ---&#xD;
   at Zebrahoof_EMR.IntegrationTests.CustomWebApplicationFactory.ExecuteScopeAsync(Func`2 action) in C:\Users\kimri\OneDrive\Desktop\cloned repos\Zebrahoof EMR\tests\Zebrahoof.EMR.IntegrationTests\CustomWebApplicationFactory.cs:line 55&#xD;
   at Zebrahoof_EMR.IntegrationTests.SecurityTests.InitializeAsync() in C:\Users\kimri\OneDrive\Desktop\cloned repos\Zebrahoof EMR\tests\Zebrahoof.EMR.IntegrationTests\SecurityTests.cs:line 30</StackTrace>
        </ErrorInfo>
      </Output>
    </UnitTestResult>
    <UnitTestResult executionId="140e4aaf-7f9a-4501-bc7a-2a1f9eb5227c" testId="671250a4-1ef7-f176-b21f-f502a84d5f61" testName="Zebrahoof_EMR.IntegrationTests.DataIntegrityTests.DataConsistency_AcrossOperations_Maintained" computerName="ORION-CRYPTO" duration="00:00:00.0376347" startTime="2026-01-02T20:46:09.1090133-08:00" endTime="2026-01-02T20:46:11.5421634-08:00" testType="13cdc9d9-ddb5-4fa4-a97d-d965ccfc6d4b" outcome="Failed" testListId="8c84fa94-04c1-424b-9868-57a2d4851a1d" relativeResultsDirectory="140e4aaf-7f9a-4501-bc7a-2a1f9eb5227c">
      <Output>
        <ErrorInfo>
          <Message>Microsoft.EntityFrameworkCore.DbUpdateException : An error occurred while saving the entity changes. See the inner exception for details.&#xD;
---- Microsoft.Data.Sqlite.SqliteException : SQLite Error 19: 'FOREIGN KEY constraint failed'.</Message>
          <StackTrace>   at Microsoft.EntityFrameworkCore.Update.ReaderModificationCommandBatch.ExecuteAsync(IRelationalConnection connection, CancellationToken cancellationToken)&#xD;
   at Microsoft.EntityFrameworkCore.Update.Internal.BatchExecutor.ExecuteAsync(IEnumerable`1 commandBatches, IRelationalConnection connection, CancellationToken cancellationToken)&#xD;
   at Microsoft.EntityFrameworkCore.Update.Internal.BatchExecutor.ExecuteAsync(IEnumerable`1 commandBatches, IRelationalConnection connection, CancellationToken cancellationToken)&#xD;
   at Microsoft.EntityFrameworkCore.Update.Internal.BatchExecutor.ExecuteAsync(IEnumerable`1 commandBatches, IRelationalConnection connection, CancellationToken cancellationToken)&#xD;
   at Microsoft.EntityFrameworkCore.ChangeTracking.Internal.StateManager.SaveChangesAsync(IList`1 entriesToSave, CancellationToken cancellationToken)&#xD;
   at Microsoft.EntityFrameworkCore.ChangeTracking.Internal.StateManager.SaveChangesAsync(StateManager stateManager, Boolean acceptAllChangesOnSuccess, CancellationToken cancellationToken)&#xD;
   at Microsoft.EntityFrameworkCore.DbContext.SaveChangesAsync(Boolean acceptAllChangesOnSuccess, CancellationToken cancellationToken)&#xD;
   at Microsoft.EntityFrameworkCore.DbContext.SaveChangesAsync(Boolean acceptAllChangesOnSuccess, CancellationToken cancellationToken)&#xD;
   at Zebrahoof_EMR.IntegrationTests.DataIntegrityTests.&lt;&gt;c__DisplayClass9_0.&lt;&lt;DataConsistency_AcrossOperations_Maintained&gt;b__0&gt;d.MoveNext() in C:\Users\kimri\OneDrive\Desktop\cloned repos\Zebrahoof EMR\tests\Zebrahoof.EMR.IntegrationTests\DataIntegrityTests.cs:line 379&#xD;
--- End of stack trace from previous location ---&#xD;
   at Zebrahoof_EMR.IntegrationTests.CustomWebApplicationFactory.ExecuteDbContextAsync(Func`2 action) in C:\Users\kimri\OneDrive\Desktop\cloned repos\Zebrahoof EMR\tests\Zebrahoof.EMR.IntegrationTests\CustomWebApplicationFactory.cs:line 49&#xD;
   at Zebrahoof_EMR.IntegrationTests.DataIntegrityTests.DataConsistency_AcrossOperations_Maintained() in C:\Users\kimri\OneDrive\Desktop\cloned repos\Zebrahoof EMR\tests\Zebrahoof.EMR.IntegrationTests\DataIntegrityTests.cs:line 353&#xD;
--- End of stack trace from previous location ---&#xD;
----- Inner Stack Trace -----&#xD;
   at Microsoft.Data.Sqlite.SqliteException.ThrowExceptionForRC(Int32 rc, sqlite3 db)&#xD;
   at Microsoft.Data.Sqlite.SqliteDataReader.NextResult()&#xD;
   at Microsoft.Data.Sqlite.SqliteCommand.ExecuteReader(CommandBehavior behavior)&#xD;
   at Microsoft.Data.Sqlite.SqliteCommand.ExecuteReaderAsync(CommandBehavior behavior, CancellationToken cancellationToken)&#xD;
   at Microsoft.Data.Sqlite.SqliteCommand.ExecuteDbDataReaderAsync(CommandBehavior behavior, CancellationToken cancellationToken)&#xD;
   at Microsoft.EntityFrameworkCore.Storage.RelationalCommand.ExecuteReaderAsync(RelationalCommandParameterObject parameterObject, CancellationToken cancellationToken)&#xD;
   at Microsoft.EntityFrameworkCore.Storage.RelationalCommand.ExecuteReaderAsync(RelationalCommandParameterObject parameterObject, CancellationToken cancellationToken)&#xD;
   at Microsoft.EntityFrameworkCore.Update.ReaderModificationCommandBatch.ExecuteAsync(IRelationalConnection connection, CancellationToken cancellationToken)</StackTrace>
        </ErrorInfo>
      </Output>
    </UnitTestResult>
    <UnitTestResult executionId="d0da81b6-dfce-4383-a5d0-527c0a0197b7" testId="3e99bdb7-9c3e-8e4b-1684-3e24d6df3b4a" testName="Zebrahoof_EMR.IntegrationTests.DatabaseMigrationTests.Database_Transactions_CommitOnSuccess" computerName="ORION-CRYPTO" duration="00:00:00.0119022" startTime="2026-01-02T20:46:11.5882659-08:00" endTime="2026-01-02T20:46:11.5883865-08:00" testType="13cdc9d9-ddb5-4fa4-a97d-d965ccfc6d4b" outcome="Passed" testListId="8c84fa94-04c1-424b-9868-57a2d4851a1d" relativeResultsDirectory="d0da81b6-dfce-4383-a5d0-527c0a0197b7" />
    <UnitTestResult executionId="9ddee27f-d8a6-453a-a544-42fb61f20e35" testId="4654222e-2c99-48d7-f210-58f4d030da28" testName="Zebrahoof_EMR.IntegrationTests.DataIntegrityTests.AuditTrail_Completeness_Verified" computerName="ORION-CRYPTO" duration="00:00:00.0135273" startTime="2026-01-02T20:46:11.8886142-08:00" endTime="2026-01-02T20:46:11.9611211-08:00" testType="13cdc9d9-ddb5-4fa4-a97d-d965ccfc6d4b" outcome="Failed" testListId="8c84fa94-04c1-424b-9868-57a2d4851a1d" relativeResultsDirectory="9ddee27f-d8a6-453a-a544-42fb61f20e35">
      <Output>
        <ErrorInfo>
          <Message>Microsoft.EntityFrameworkCore.DbUpdateException : An error occurred while saving the entity changes. See the inner exception for details.&#xD;
---- Microsoft.Data.Sqlite.SqliteException : SQLite Error 19: 'FOREIGN KEY constraint failed'.</Message>
          <StackTrace>   at Microsoft.EntityFrameworkCore.Update.ReaderModificationCommandBatch.ExecuteAsync(IRelationalConnection connection, CancellationToken cancellationToken)&#xD;
   at Microsoft.EntityFrameworkCore.Update.Internal.BatchExecutor.ExecuteAsync(IEnumerable`1 commandBatches, IRelationalConnection connection, CancellationToken cancellationToken)&#xD;
   at Microsoft.EntityFrameworkCore.Update.Internal.BatchExecutor.ExecuteAsync(IEnumerable`1 commandBatches, IRelationalConnection connection, CancellationToken cancellationToken)&#xD;
   at Microsoft.EntityFrameworkCore.Update.Internal.BatchExecutor.ExecuteAsync(IEnumerable`1 commandBatches, IRelationalConnection connection, CancellationToken cancellationToken)&#xD;
   at Microsoft.EntityFrameworkCore.ChangeTracking.Internal.StateManager.SaveChangesAsync(IList`1 entriesToSave, CancellationToken cancellationToken)&#xD;
   at Microsoft.EntityFrameworkCore.ChangeTracking.Internal.StateManager.SaveChangesAsync(StateManager stateManager, Boolean acceptAllChangesOnSuccess, CancellationToken cancellationToken)&#xD;
   at Microsoft.EntityFrameworkCore.DbContext.SaveChangesAsync(Boolean acceptAllChangesOnSuccess, CancellationToken cancellationToken)&#xD;
   at Microsoft.EntityFrameworkCore.DbContext.SaveChangesAsync(Boolean acceptAllChangesOnSuccess, CancellationToken cancellationToken)&#xD;
   at Zebrahoof_EMR.Services.AuditLogger.LogAsync(String action, String scopeContext, String metadata, String userId, CancellationToken cancellationToken) in C:\Users\kimri\OneDrive\Desktop\cloned repos\Zebrahoof EMR\Services\AuditLogger.cs:line 35&#xD;
   at Zebrahoof_EMR.Services.AuditLogger.LogAsync(String action, String scopeContext, String metadata, String userId, CancellationToken cancellationToken) in C:\Users\kimri\OneDrive\Desktop\cloned repos\Zebrahoof EMR\Services\AuditLogger.cs:line 35&#xD;
   at Zebrahoof_EMR.IntegrationTests.DataIntegrityTests.&lt;&gt;c.&lt;&lt;AuditTrail_Completeness_Verified&gt;b__5_0&gt;d.MoveNext() in C:\Users\kimri\OneDrive\Desktop\cloned repos\Zebrahoof EMR\tests\Zebrahoof.EMR.IntegrationTests\DataIntegrityTests.cs:line 93&#xD;
--- End of stack trace from previous location ---&#xD;
   at Zebrahoof_EMR.IntegrationTests.CustomWebApplicationFactory.ExecuteScopeAsync(Func`2 action) in C:\Users\kimri\OneDrive\Desktop\cloned repos\Zebrahoof EMR\tests\Zebrahoof.EMR.IntegrationTests\CustomWebApplicationFactory.cs:line 55&#xD;
   at Zebrahoof_EMR.IntegrationTests.DataIntegrityTests.AuditTrail_Completeness_Verified() in C:\Users\kimri\OneDrive\Desktop\cloned repos\Zebrahoof EMR\tests\Zebrahoof.EMR.IntegrationTests\DataIntegrityTests.cs:line 88&#xD;
--- End of stack trace from previous location ---&#xD;
----- Inner Stack Trace -----&#xD;
   at Microsoft.Data.Sqlite.SqliteException.ThrowExceptionForRC(Int32 rc, sqlite3 db)&#xD;
   at Microsoft.Data.Sqlite.SqliteDataReader.NextResult()&#xD;
   at Microsoft.Data.Sqlite.SqliteCommand.ExecuteReader(CommandBehavior behavior)&#xD;
   at Microsoft.Data.Sqlite.SqliteCommand.ExecuteReaderAsync(CommandBehavior behavior, CancellationToken cancellationToken)&#xD;
   at Microsoft.Data.Sqlite.SqliteCommand.ExecuteDbDataReaderAsync(CommandBehavior behavior, CancellationToken cancellationToken)&#xD;
   at Microsoft.EntityFrameworkCore.Storage.RelationalCommand.ExecuteReaderAsync(RelationalCommandParameterObject parameterObject, CancellationToken cancellationToken)&#xD;
   at Microsoft.EntityFrameworkCore.Storage.RelationalCommand.ExecuteReaderAsync(RelationalCommandParameterObject parameterObject, CancellationToken cancellationToken)&#xD;
   at Microsoft.EntityFrameworkCore.Update.ReaderModificationCommandBatch.ExecuteAsync(IRelationalConnection connection, CancellationToken cancellationToken)</StackTrace>
        </ErrorInfo>
      </Output>
    </UnitTestResult>
    <UnitTestResult executionId="26e8e917-898b-4dd0-8fd3-8eb94fb89b01" testId="353deab4-5ae0-98dc-6025-eed9a4f37c09" testName="Zebrahoof_EMR.IntegrationTests.SecurityTests.RateLimiting_ExcessiveRequests_Blocked" computerName="ORION-CRYPTO" duration="00:00:00.0010000" startTime="2026-01-02T20:46:11.9242631-08:00" endTime="2026-01-02T20:46:11.9993718-08:00" testType="13cdc9d9-ddb5-4fa4-a97d-d965ccfc6d4b" outcome="Failed" testListId="8c84fa94-04c1-424b-9868-57a2d4851a1d" relativeResultsDirectory="26e8e917-898b-4dd0-8fd3-8eb94fb89b01">
      <Output>
        <ErrorInfo>
          <Message>System.InvalidOperationException : Failed to create admin test user: Username 'admin' is already taken.</Message>
          <StackTrace>   at Zebrahoof_EMR.IntegrationTests.TestDataSeeder.SeedAdminUserAsync(IServiceProvider services) in C:\Users\kimri\OneDrive\Desktop\cloned repos\Zebrahoof EMR\tests\Zebrahoof.EMR.IntegrationTests\TestDataSeeder.cs:line 146&#xD;
   at Zebrahoof_EMR.IntegrationTests.SecurityTests.&lt;&gt;c.&lt;&lt;InitializeAsync&gt;b__3_0&gt;d.MoveNext() in C:\Users\kimri\OneDrive\Desktop\cloned repos\Zebrahoof EMR\tests\Zebrahoof.EMR.IntegrationTests\SecurityTests.cs:line 33&#xD;
--- End of stack trace from previous location ---&#xD;
   at Zebrahoof_EMR.IntegrationTests.CustomWebApplicationFactory.ExecuteScopeAsync(Func`2 action) in C:\Users\kimri\OneDrive\Desktop\cloned repos\Zebrahoof EMR\tests\Zebrahoof.EMR.IntegrationTests\CustomWebApplicationFactory.cs:line 55&#xD;
   at Zebrahoof_EMR.IntegrationTests.SecurityTests.InitializeAsync() in C:\Users\kimri\OneDrive\Desktop\cloned repos\Zebrahoof EMR\tests\Zebrahoof.EMR.IntegrationTests\SecurityTests.cs:line 30</StackTrace>
        </ErrorInfo>
      </Output>
    </UnitTestResult>
    <UnitTestResult executionId="07f81d06-a200-4d8d-8dcf-53015c42eb11" testId="a1e5e3ed-911d-0ec5-e7a4-47d68b895dab" testName="Zebrahoof_EMR.IntegrationTests.AccountAuthFlowTests.Login_WithInvalidCredentials_ReturnsError" computerName="ORION-CRYPTO" duration="00:00:00.0010000" startTime="2026-01-02T20:46:11.6905918-08:00" endTime="2026-01-02T20:46:11.7534626-08:00" testType="13cdc9d9-ddb5-4fa4-a97d-d965ccfc6d4b" outcome="Failed" testListId="8c84fa94-04c1-424b-9868-57a2d4851a1d" relativeResultsDirectory="07f81d06-a200-4d8d-8dcf-53015c42eb11">
      <Output>
        <ErrorInfo>
          <Message>System.InvalidOperationException : Failed to create inactive test user: Username 'inactiveuser' is already taken.</Message>
          <StackTrace>   at Zebrahoof_EMR.IntegrationTests.TestDataSeeder.SeedInactiveUserAsync(IServiceProvider services) in C:\Users\kimri\OneDrive\Desktop\cloned repos\Zebrahoof EMR\tests\Zebrahoof.EMR.IntegrationTests\TestDataSeeder.cs:line 95&#xD;
   at Zebrahoof_EMR.IntegrationTests.AccountAuthFlowTests.&lt;&gt;c.&lt;&lt;InitializeAsync&gt;b__3_0&gt;d.MoveNext() in C:\Users\kimri\OneDrive\Desktop\cloned repos\Zebrahoof EMR\tests\Zebrahoof.EMR.IntegrationTests\AccountAuthFlowTests.cs:line 33&#xD;
--- End of stack trace from previous location ---&#xD;
   at Zebrahoof_EMR.IntegrationTests.CustomWebApplicationFactory.ExecuteScopeAsync(Func`2 action) in C:\Users\kimri\OneDrive\Desktop\cloned repos\Zebrahoof EMR\tests\Zebrahoof.EMR.IntegrationTests\CustomWebApplicationFactory.cs:line 55&#xD;
   at Zebrahoof_EMR.IntegrationTests.AccountAuthFlowTests.InitializeAsync() in C:\Users\kimri\OneDrive\Desktop\cloned repos\Zebrahoof EMR\tests\Zebrahoof.EMR.IntegrationTests\AccountAuthFlowTests.cs:line 30</StackTrace>
        </ErrorInfo>
      </Output>
    </UnitTestResult>
    <UnitTestResult executionId="192960c7-04ea-497a-b564-0ed92db267b0" testId="2cf5719a-2270-9402-121c-4ae80d3a3772" testName="Zebrahoof_EMR.IntegrationTests.DisasterRecoveryTests.Database_Failover_Scenario_Handled" computerName="ORION-CRYPTO" duration="00:00:00.0102354" startTime="2026-01-02T20:46:11.6192798-08:00" endTime="2026-01-02T20:46:11.6906514-08:00" testType="13cdc9d9-ddb5-4fa4-a97d-d965ccfc6d4b" outcome="Failed" testListId="8c84fa94-04c1-424b-9868-57a2d4851a1d" relativeResultsDirectory="192960c7-04ea-497a-b564-0ed92db267b0">
      <Output>
        <ErrorInfo>
          <Message>Microsoft.EntityFrameworkCore.DbUpdateException : An error occurred while saving the entity changes. See the inner exception for details.&#xD;
---- Microsoft.Data.Sqlite.SqliteException : SQLite Error 19: 'FOREIGN KEY constraint failed'.</Message>
          <StackTrace>   at Microsoft.EntityFrameworkCore.Update.ReaderModificationCommandBatch.ExecuteAsync(IRelationalConnection connection, CancellationToken cancellationToken)&#xD;
   at Microsoft.EntityFrameworkCore.Update.Internal.BatchExecutor.ExecuteAsync(IEnumerable`1 commandBatches, IRelationalConnection connection, CancellationToken cancellationToken)&#xD;
   at Microsoft.EntityFrameworkCore.Update.Internal.BatchExecutor.ExecuteAsync(IEnumerable`1 commandBatches, IRelationalConnection connection, CancellationToken cancellationToken)&#xD;
   at Microsoft.EntityFrameworkCore.Update.Internal.BatchExecutor.ExecuteAsync(IEnumerable`1 commandBatches, IRelationalConnection connection, CancellationToken cancellationToken)&#xD;
   at Microsoft.EntityFrameworkCore.ChangeTracking.Internal.StateManager.SaveChangesAsync(IList`1 entriesToSave, CancellationToken cancellationToken)&#xD;
   at Microsoft.EntityFrameworkCore.ChangeTracking.Internal.StateManager.SaveChangesAsync(StateManager stateManager, Boolean acceptAllChangesOnSuccess, CancellationToken cancellationToken)&#xD;
   at Microsoft.EntityFrameworkCore.DbContext.SaveChangesAsync(Boolean acceptAllChangesOnSuccess, CancellationToken cancellationToken)&#xD;
   at Microsoft.EntityFrameworkCore.DbContext.SaveChangesAsync(Boolean acceptAllChangesOnSuccess, CancellationToken cancellationToken)&#xD;
   at Zebrahoof_EMR.IntegrationTests.DisasterRecoveryTests.&lt;&gt;c__DisplayClass4_0.&lt;&lt;Database_Failover_Scenario_Handled&gt;b__0&gt;d.MoveNext() in C:\Users\kimri\OneDrive\Desktop\cloned repos\Zebrahoof EMR\tests\Zebrahoof.EMR.IntegrationTests\DisasterRecoveryTests.cs:line 57&#xD;
--- End of stack trace from previous location ---&#xD;
   at Zebrahoof_EMR.IntegrationTests.CustomWebApplicationFactory.ExecuteDbContextAsync(Func`2 action) in C:\Users\kimri\OneDrive\Desktop\cloned repos\Zebrahoof EMR\tests\Zebrahoof.EMR.IntegrationTests\CustomWebApplicationFactory.cs:line 49&#xD;
   at Zebrahoof_EMR.IntegrationTests.DisasterRecoveryTests.Database_Failover_Scenario_Handled() in C:\Users\kimri\OneDrive\Desktop\cloned repos\Zebrahoof EMR\tests\Zebrahoof.EMR.IntegrationTests\DisasterRecoveryTests.cs:line 43&#xD;
--- End of stack trace from previous location ---&#xD;
----- Inner Stack Trace -----&#xD;
   at Microsoft.Data.Sqlite.SqliteException.ThrowExceptionForRC(Int32 rc, sqlite3 db)&#xD;
   at Microsoft.Data.Sqlite.SqliteDataReader.NextResult()&#xD;
   at Microsoft.Data.Sqlite.SqliteCommand.ExecuteReader(CommandBehavior behavior)&#xD;
   at Microsoft.Data.Sqlite.SqliteCommand.ExecuteReaderAsync(CommandBehavior behavior, CancellationToken cancellationToken)&#xD;
   at Microsoft.Data.Sqlite.SqliteCommand.ExecuteDbDataReaderAsync(CommandBehavior behavior, CancellationToken cancellationToken)&#xD;
   at Microsoft.EntityFrameworkCore.Storage.RelationalCommand.ExecuteReaderAsync(RelationalCommandParameterObject parameterObject, CancellationToken cancellationToken)&#xD;
   at Microsoft.EntityFrameworkCore.Storage.RelationalCommand.ExecuteReaderAsync(RelationalCommandParameterObject parameterObject, CancellationToken cancellationToken)&#xD;
   at Microsoft.EntityFrameworkCore.Update.ReaderModificationCommandBatch.ExecuteAsync(IRelationalConnection connection, CancellationToken cancellationToken)</StackTrace>
        </ErrorInfo>
      </Output>
    </UnitTestResult>
    <UnitTestResult executionId="b6a2bdfd-3ea8-44f8-8480-592fe76dcdac" testId="f8173de9-97af-e97f-91fb-d977ed9e0ab5" testName="Zebrahoof_EMR.IntegrationTests.DisasterRecoveryTests.Data_Encryption_Verified" computerName="ORION-CRYPTO" duration="00:00:00.0174619" startTime="2026-01-02T20:46:11.5276412-08:00" endTime="2026-01-02T20:46:11.6182315-08:00" testType="13cdc9d9-ddb5-4fa4-a97d-d965ccfc6d4b" outcome="Failed" testListId="8c84fa94-04c1-424b-9868-57a2d4851a1d" relativeResultsDirectory="b6a2bdfd-3ea8-44f8-8480-592fe76dcdac">
      <Output>
        <ErrorInfo>
          <Message>Assert.NotEmpty() Failure: Collection was empty</Message>
          <StackTrace>   at Zebrahoof_EMR.IntegrationTests.DisasterRecoveryTests.&lt;&gt;c.&lt;&lt;Data_Encryption_Verified&gt;b__9_1&gt;d.MoveNext() in C:\Users\kimri\OneDrive\Desktop\cloned repos\Zebrahoof EMR\tests\Zebrahoof.EMR.IntegrationTests\DisasterRecoveryTests.cs:line 460&#xD;
--- End of stack trace from previous location ---&#xD;
   at Zebrahoof_EMR.IntegrationTests.CustomWebApplicationFactory.ExecuteDbContextAsync(Func`2 action) in C:\Users\kimri\OneDrive\Desktop\cloned repos\Zebrahoof EMR\tests\Zebrahoof.EMR.IntegrationTests\CustomWebApplicationFactory.cs:line 49&#xD;
   at Zebrahoof_EMR.IntegrationTests.DisasterRecoveryTests.Data_Encryption_Verified() in C:\Users\kimri\OneDrive\Desktop\cloned repos\Zebrahoof EMR\tests\Zebrahoof.EMR.IntegrationTests\DisasterRecoveryTests.cs:line 445&#xD;
--- End of stack trace from previous location ---</StackTrace>
        </ErrorInfo>
      </Output>
    </UnitTestResult>
    <UnitTestResult executionId="46137e12-e17a-437d-bac7-e0157b02ab4a" testId="4ce274bb-cddc-1f49-81d6-6fdc2a9c0e74" testName="Zebrahoof_EMR.IntegrationTests.AccountAuthFlowTests.Refresh_WithValidTokens_ReturnsNewToken" computerName="ORION-CRYPTO" duration="00:00:00.0010000" startTime="2026-01-02T20:46:09.1102149-08:00" endTime="2026-01-02T20:46:11.6898905-08:00" testType="13cdc9d9-ddb5-4fa4-a97d-d965ccfc6d4b" outcome="Failed" testListId="8c84fa94-04c1-424b-9868-57a2d4851a1d" relativeResultsDirectory="46137e12-e17a-437d-bac7-e0157b02ab4a">
      <Output>
        <ErrorInfo>
          <Message>System.InvalidOperationException : Failed to create admin test user: Username 'admin' is already taken.</Message>
          <StackTrace>   at Zebrahoof_EMR.IntegrationTests.TestDataSeeder.SeedAdminUserAsync(IServiceProvider services) in C:\Users\kimri\OneDrive\Desktop\cloned repos\Zebrahoof EMR\tests\Zebrahoof.EMR.IntegrationTests\TestDataSeeder.cs:line 146&#xD;
   at Zebrahoof_EMR.IntegrationTests.AccountAuthFlowTests.&lt;&gt;c.&lt;&lt;InitializeAsync&gt;b__3_0&gt;d.MoveNext() in C:\Users\kimri\OneDrive\Desktop\cloned repos\Zebrahoof EMR\tests\Zebrahoof.EMR.IntegrationTests\AccountAuthFlowTests.cs:line 35&#xD;
--- End of stack trace from previous location ---&#xD;
   at Zebrahoof_EMR.IntegrationTests.CustomWebApplicationFactory.ExecuteScopeAsync(Func`2 action) in C:\Users\kimri\OneDrive\Desktop\cloned repos\Zebrahoof EMR\tests\Zebrahoof.EMR.IntegrationTests\CustomWebApplicationFactory.cs:line 55&#xD;
   at Zebrahoof_EMR.IntegrationTests.AccountAuthFlowTests.InitializeAsync() in C:\Users\kimri\OneDrive\Desktop\cloned repos\Zebrahoof EMR\tests\Zebrahoof.EMR.IntegrationTests\AccountAuthFlowTests.cs:line 30</StackTrace>
        </ErrorInfo>
      </Output>
    </UnitTestResult>
    <UnitTestResult executionId="27748740-c382-41af-91ae-aa5fda4bbbc5" testId="fa50cf7e-a6b5-c84a-21f9-6ab909ca3086" testName="Zebrahoof_EMR.IntegrationTests.AccountAuthFlowTests.Login_WithInactiveUser_ReturnsInactiveError" computerName="ORION-CRYPTO" duration="00:00:00.0010000" startTime="2026-01-02T20:46:12.1075407-08:00" endTime="2026-01-02T20:46:12.1676728-08:00" testType="13cdc9d9-ddb5-4fa4-a97d-d965ccfc6d4b" outcome="Failed" testListId="8c84fa94-04c1-424b-9868-57a2d4851a1d" relativeResultsDirectory="27748740-c382-41af-91ae-aa5fda4bbbc5">
      <Output>
        <ErrorInfo>
          <Message>System.InvalidOperationException : Failed to create inactive test user: Username 'inactiveuser' is already taken.</Message>
          <StackTrace>   at Zebrahoof_EMR.IntegrationTests.TestDataSeeder.SeedInactiveUserAsync(IServiceProvider services) in C:\Users\kimri\OneDrive\Desktop\cloned repos\Zebrahoof EMR\tests\Zebrahoof.EMR.IntegrationTests\TestDataSeeder.cs:line 95&#xD;
   at Zebrahoof_EMR.IntegrationTests.AccountAuthFlowTests.&lt;&gt;c.&lt;&lt;InitializeAsync&gt;b__3_0&gt;d.MoveNext() in C:\Users\kimri\OneDrive\Desktop\cloned repos\Zebrahoof EMR\tests\Zebrahoof.EMR.IntegrationTests\AccountAuthFlowTests.cs:line 33&#xD;
--- End of stack trace from previous location ---&#xD;
   at Zebrahoof_EMR.IntegrationTests.CustomWebApplicationFactory.ExecuteScopeAsync(Func`2 action) in C:\Users\kimri\OneDrive\Desktop\cloned repos\Zebrahoof EMR\tests\Zebrahoof.EMR.IntegrationTests\CustomWebApplicationFactory.cs:line 55&#xD;
   at Zebrahoof_EMR.IntegrationTests.AccountAuthFlowTests.InitializeAsync() in C:\Users\kimri\OneDrive\Desktop\cloned repos\Zebrahoof EMR\tests\Zebrahoof.EMR.IntegrationTests\AccountAuthFlowTests.cs:line 30</StackTrace>
        </ErrorInfo>
      </Output>
    </UnitTestResult>
    <UnitTestResult executionId="7a1e2d56-4bc3-4cc5-9799-ae497f0d75bb" testId="921353e5-8e8c-0f28-a13c-cf415914c90e" testName="Zebrahoof_EMR.IntegrationTests.AccountAuthFlowTests.Login_HappyPath_WithValidCredentials_RedirectsAndCreatesSession" computerName="ORION-CRYPTO" duration="00:00:00.0010000" startTime="2026-01-02T20:46:12.0540239-08:00" endTime="2026-01-02T20:46:12.1068698-08:00" testType="13cdc9d9-ddb5-4fa4-a97d-d965ccfc6d4b" outcome="Failed" testListId="8c84fa94-04c1-424b-9868-57a2d4851a1d" relativeResultsDirectory="7a1e2d56-4bc3-4cc5-9799-ae497f0d75bb">
      <Output>
        <ErrorInfo>
          <Message>System.InvalidOperationException : Failed to create inactive test user: Username 'inactiveuser' is already taken.</Message>
          <StackTrace>   at Zebrahoof_EMR.IntegrationTests.TestDataSeeder.SeedInactiveUserAsync(IServiceProvider services) in C:\Users\kimri\OneDrive\Desktop\cloned repos\Zebrahoof EMR\tests\Zebrahoof.EMR.IntegrationTests\TestDataSeeder.cs:line 95&#xD;
   at Zebrahoof_EMR.IntegrationTests.AccountAuthFlowTests.&lt;&gt;c.&lt;&lt;InitializeAsync&gt;b__3_0&gt;d.MoveNext() in C:\Users\kimri\OneDrive\Desktop\cloned repos\Zebrahoof EMR\tests\Zebrahoof.EMR.IntegrationTests\AccountAuthFlowTests.cs:line 33&#xD;
--- End of stack trace from previous location ---&#xD;
   at Zebrahoof_EMR.IntegrationTests.CustomWebApplicationFactory.ExecuteScopeAsync(Func`2 action) in C:\Users\kimri\OneDrive\Desktop\cloned repos\Zebrahoof EMR\tests\Zebrahoof.EMR.IntegrationTests\CustomWebApplicationFactory.cs:line 55&#xD;
   at Zebrahoof_EMR.IntegrationTests.AccountAuthFlowTests.InitializeAsync() in C:\Users\kimri\OneDrive\Desktop\cloned repos\Zebrahoof EMR\tests\Zebrahoof.EMR.IntegrationTests\AccountAuthFlowTests.cs:line 30</StackTrace>
        </ErrorInfo>
      </Output>
    </UnitTestResult>
    <UnitTestResult executionId="64c8070c-12c1-449e-82e6-627003540e8e" testId="2ae2dbae-129e-454c-32da-3f92889fa405" testName="Zebrahoof_EMR.IntegrationTests.DatabaseMigrationTests.Database_CanSeedData_WithMigrations" computerName="ORION-CRYPTO" duration="00:00:00.0646502" startTime="2026-01-02T20:46:11.4902896-08:00" endTime="2026-01-02T20:46:11.5534596-08:00" testType="13cdc9d9-ddb5-4fa4-a97d-d965ccfc6d4b" outcome="Passed" testListId="8c84fa94-04c1-424b-9868-57a2d4851a1d" relativeResultsDirectory="64c8070c-12c1-449e-82e6-627003540e8e" />
    <UnitTestResult executionId="46872238-7ad6-40bf-8e7d-9b1817cd4140" testId="2b0f4e34-0f9a-b8a4-a78e-21ad73db4431" testName="Zebrahoof_EMR.IntegrationTests.AccountAuthFlowTests.Login_WithMaliciousReturnUrl_RedirectsToRoot" computerName="ORION-CRYPTO" duration="00:00:00.0010000" startTime="2026-01-02T20:46:11.9412909-08:00" endTime="2026-01-02T20:46:11.9986406-08:00" testType="13cdc9d9-ddb5-4fa4-a97d-d965ccfc6d4b" outcome="Failed" testListId="8c84fa94-04c1-424b-9868-57a2d4851a1d" relativeResultsDirectory="46872238-7ad6-40bf-8e7d-9b1817cd4140">
      <Output>
        <ErrorInfo>
          <Message>System.InvalidOperationException : Failed to create inactive test user: Username 'inactiveuser' is already taken.</Message>
          <StackTrace>   at Zebrahoof_EMR.IntegrationTests.TestDataSeeder.SeedInactiveUserAsync(IServiceProvider services) in C:\Users\kimri\OneDrive\Desktop\cloned repos\Zebrahoof EMR\tests\Zebrahoof.EMR.IntegrationTests\TestDataSeeder.cs:line 95&#xD;
   at Zebrahoof_EMR.IntegrationTests.AccountAuthFlowTests.&lt;&gt;c.&lt;&lt;InitializeAsync&gt;b__3_0&gt;d.MoveNext() in C:\Users\kimri\OneDrive\Desktop\cloned repos\Zebrahoof EMR\tests\Zebrahoof.EMR.IntegrationTests\AccountAuthFlowTests.cs:line 33&#xD;
--- End of stack trace from previous location ---&#xD;
   at Zebrahoof_EMR.IntegrationTests.CustomWebApplicationFactory.ExecuteScopeAsync(Func`2 action) in C:\Users\kimri\OneDrive\Desktop\cloned repos\Zebrahoof EMR\tests\Zebrahoof.EMR.IntegrationTests\CustomWebApplicationFactory.cs:line 55&#xD;
   at Zebrahoof_EMR.IntegrationTests.AccountAuthFlowTests.InitializeAsync() in C:\Users\kimri\OneDrive\Desktop\cloned repos\Zebrahoof EMR\tests\Zebrahoof.EMR.IntegrationTests\AccountAuthFlowTests.cs:line 30</StackTrace>
        </ErrorInfo>
      </Output>
    </UnitTestResult>
    <UnitTestResult executionId="12f42cba-1523-46b5-b95b-d2d73ed2175d" testId="0186d093-0567-543d-c760-4fbdbe00082f" testName="Zebrahoof_EMR.IntegrationTests.SessionManagementTests.ValidateSession_WithValidSession_ReturnsSessionInfo" computerName="ORION-CRYPTO" duration="00:00:00.1560254" startTime="2026-01-02T20:46:11.6277501-08:00" endTime="2026-01-02T20:46:11.8505288-08:00" testType="13cdc9d9-ddb5-4fa4-a97d-d965ccfc6d4b" outcome="Failed" testListId="8c84fa94-04c1-424b-9868-57a2d4851a1d" relativeResultsDirectory="12f42cba-1523-46b5-b95b-d2d73ed2175d">
      <Output>
        <ErrorInfo>
          <Message>System.Net.Http.HttpRequestException : Response status code does not indicate success: 302 (Found).</Message>
          <StackTrace>   at System.Net.Http.HttpResponseMessage.EnsureSuccessStatusCode()&#xD;
   at Zebrahoof_EMR.IntegrationTests.SessionManagementTests.ValidateSession_WithValidSession_ReturnsSessionInfo() in C:\Users\kimri\OneDrive\Desktop\cloned repos\Zebrahoof EMR\tests\Zebrahoof.EMR.IntegrationTests\SessionManagementTests.cs:line 183&#xD;
--- End of stack trace from previous location ---</StackTrace>
        </ErrorInfo>
      </Output>
    </UnitTestResult>
    <UnitTestResult executionId="3cf0931b-49ca-48da-b6f3-b6436a997493" testId="f2981962-cecc-ecbe-a9c1-caf4a1ae4ac7" testName="Zebrahoof_EMR.IntegrationTests.SecurityTests.HTTPS_Enforced_RedirectsToHTTPS" computerName="ORION-CRYPTO" duration="00:00:00.0010000" startTime="2026-01-02T20:46:11.8602961-08:00" endTime="2026-01-02T20:46:11.9235432-08:00" testType="13cdc9d9-ddb5-4fa4-a97d-d965ccfc6d4b" outcome="Failed" testListId="8c84fa94-04c1-424b-9868-57a2d4851a1d" relativeResultsDirectory="3cf0931b-49ca-48da-b6f3-b6436a997493">
      <Output>
        <ErrorInfo>
          <Message>System.InvalidOperationException : Failed to create admin test user: Username 'admin' is already taken.</Message>
          <StackTrace>   at Zebrahoof_EMR.IntegrationTests.TestDataSeeder.SeedAdminUserAsync(IServiceProvider services) in C:\Users\kimri\OneDrive\Desktop\cloned repos\Zebrahoof EMR\tests\Zebrahoof.EMR.IntegrationTests\TestDataSeeder.cs:line 146&#xD;
   at Zebrahoof_EMR.IntegrationTests.SecurityTests.&lt;&gt;c.&lt;&lt;InitializeAsync&gt;b__3_0&gt;d.MoveNext() in C:\Users\kimri\OneDrive\Desktop\cloned repos\Zebrahoof EMR\tests\Zebrahoof.EMR.IntegrationTests\SecurityTests.cs:line 33&#xD;
--- End of stack trace from previous location ---&#xD;
   at Zebrahoof_EMR.IntegrationTests.CustomWebApplicationFactory.ExecuteScopeAsync(Func`2 action) in C:\Users\kimri\OneDrive\Desktop\cloned repos\Zebrahoof EMR\tests\Zebrahoof.EMR.IntegrationTests\CustomWebApplicationFactory.cs:line 55&#xD;
   at Zebrahoof_EMR.IntegrationTests.SecurityTests.InitializeAsync() in C:\Users\kimri\OneDrive\Desktop\cloned repos\Zebrahoof EMR\tests\Zebrahoof.EMR.IntegrationTests\SecurityTests.cs:line 30</StackTrace>
        </ErrorInfo>
      </Output>
    </UnitTestResult>
    <UnitTestResult executionId="e00d8434-c762-4774-b3cb-2ab89ae0241b" testId="dd578531-fcf6-3046-98b7-68ea1e59e91b" testName="Zebrahoof_EMR.IntegrationTests.DisasterRecoveryTests.HIPAA_Compliance_Features_Work" computerName="ORION-CRYPTO" duration="00:00:00.0265978" startTime="2026-01-02T20:46:09.1101568-08:00" endTime="2026-01-02T20:46:11.5265925-08:00" testType="13cdc9d9-ddb5-4fa4-a97d-d965ccfc6d4b" outcome="Passed" testListId="8c84fa94-04c1-424b-9868-57a2d4851a1d" relativeResultsDirectory="e00d8434-c762-4774-b3cb-2ab89ae0241b" />
    <UnitTestResult executionId="bf9b236e-8348-4f49-871d-a54dfa1d6945" testId="1fdde2f5-87f4-5d84-9f1e-33f07cb31075" testName="Zebrahoof_EMR.IntegrationTests.SecurityTests.Login_WithXSS_Attempt_Blocked" computerName="ORION-CRYPTO" duration="00:00:00.0010000" startTime="2026-01-02T20:46:11.6214366-08:00" endTime="2026-01-02T20:46:11.6862233-08:00" testType="13cdc9d9-ddb5-4fa4-a97d-d965ccfc6d4b" outcome="Failed" testListId="8c84fa94-04c1-424b-9868-57a2d4851a1d" relativeResultsDirectory="bf9b236e-8348-4f49-871d-a54dfa1d6945">
      <Output>
        <ErrorInfo>
          <Message>System.InvalidOperationException : Failed to create admin test user: Username 'admin' is already taken.</Message>
          <StackTrace>   at Zebrahoof_EMR.IntegrationTests.TestDataSeeder.SeedAdminUserAsync(IServiceProvider services) in C:\Users\kimri\OneDrive\Desktop\cloned repos\Zebrahoof EMR\tests\Zebrahoof.EMR.IntegrationTests\TestDataSeeder.cs:line 146&#xD;
   at Zebrahoof_EMR.IntegrationTests.SecurityTests.&lt;&gt;c.&lt;&lt;InitializeAsync&gt;b__3_0&gt;d.MoveNext() in C:\Users\kimri\OneDrive\Desktop\cloned repos\Zebrahoof EMR\tests\Zebrahoof.EMR.IntegrationTests\SecurityTests.cs:line 33&#xD;
--- End of stack trace from previous location ---&#xD;
   at Zebrahoof_EMR.IntegrationTests.CustomWebApplicationFactory.ExecuteScopeAsync(Func`2 action) in C:\Users\kimri\OneDrive\Desktop\cloned repos\Zebrahoof EMR\tests\Zebrahoof.EMR.IntegrationTests\CustomWebApplicationFactory.cs:line 55&#xD;
   at Zebrahoof_EMR.IntegrationTests.SecurityTests.InitializeAsync() in C:\Users\kimri\OneDrive\Desktop\cloned repos\Zebrahoof EMR\tests\Zebrahoof.EMR.IntegrationTests\SecurityTests.cs:line 30</StackTrace>
        </ErrorInfo>
      </Output>
    </UnitTestResult>
    <UnitTestResult executionId="d3fd1d78-46a0-4852-9121-eb5c5b77d2e3" testId="e80110ea-e77e-4709-5e6c-4895d9106a78" testName="Zebrahoof_EMR.IntegrationTests.SecurityTests.ProtectedEndpoint_WithoutAuthentication_ReturnsRedirect" computerName="ORION-CRYPTO" duration="00:00:00.0010000" startTime="2026-01-02T20:46:11.5533944-08:00" endTime="2026-01-02T20:46:11.6203871-08:00" testType="13cdc9d9-ddb5-4fa4-a97d-d965ccfc6d4b" outcome="Failed" testListId="8c84fa94-04c1-424b-9868-57a2d4851a1d" relativeResultsDirectory="d3fd1d78-46a0-4852-9121-eb5c5b77d2e3">
      <Output>
        <ErrorInfo>
          <Message>System.InvalidOperationException : Failed to create admin test user: Username 'admin' is already taken.</Message>
          <StackTrace>   at Zebrahoof_EMR.IntegrationTests.TestDataSeeder.SeedAdminUserAsync(IServiceProvider services) in C:\Users\kimri\OneDrive\Desktop\cloned repos\Zebrahoof EMR\tests\Zebrahoof.EMR.IntegrationTests\TestDataSeeder.cs:line 146&#xD;
   at Zebrahoof_EMR.IntegrationTests.SecurityTests.&lt;&gt;c.&lt;&lt;InitializeAsync&gt;b__3_0&gt;d.MoveNext() in C:\Users\kimri\OneDrive\Desktop\cloned repos\Zebrahoof EMR\tests\Zebrahoof.EMR.IntegrationTests\SecurityTests.cs:line 33&#xD;
--- End of stack trace from previous location ---&#xD;
   at Zebrahoof_EMR.IntegrationTests.CustomWebApplicationFactory.ExecuteScopeAsync(Func`2 action) in C:\Users\kimri\OneDrive\Desktop\cloned repos\Zebrahoof EMR\tests\Zebrahoof.EMR.IntegrationTests\CustomWebApplicationFactory.cs:line 55&#xD;
   at Zebrahoof_EMR.IntegrationTests.SecurityTests.InitializeAsync() in C:\Users\kimri\OneDrive\Desktop\cloned repos\Zebrahoof EMR\tests\Zebrahoof.EMR.IntegrationTests\SecurityTests.cs:line 30</StackTrace>
        </ErrorInfo>
      </Output>
    </UnitTestResult>
    <UnitTestResult executionId="0de2b088-80c8-47f7-8136-28b3b023ba31" testId="d7ad53df-525b-9445-dac8-403412cdcfe4" testName="Zebrahoof_EMR.IntegrationTests.SessionManagementTests.RevokeSession_WithValidSession_RevokesSessionAndLogs" computerName="ORION-CRYPTO" duration="00:00:00.0667403" startTime="2026-01-02T20:46:12.2676481-08:00" endTime="2026-01-02T20:46:12.3958244-08:00" testType="13cdc9d9-ddb5-4fa4-a97d-d965ccfc6d4b" outcome="Failed" testListId="8c84fa94-04c1-424b-9868-57a2d4851a1d" relativeResultsDirectory="0de2b088-80c8-47f7-8136-28b3b023ba31">
      <Output>
        <ErrorInfo>
          <Message>System.InvalidOperationException : The LINQ expression 'DbSet&lt;UserSession&gt;()&#xD;
    .Where(u =&gt; !(u.IsRevoked) &amp;&amp; u.ExpiresAt &gt; DateTimeOffset.UtcNow)' could not be translated. Either rewrite the query in a form that can be translated, or switch to client evaluation explicitly by inserting a call to 'AsEnumerable', 'AsAsyncEnumerable', 'ToList', or 'ToListAsync'. See https://go.microsoft.com/fwlink/?linkid=2101038 for more information.</Message>
          <StackTrace>   at Microsoft.EntityFrameworkCore.Query.QueryableMethodTranslatingExpressionVisitor.Translate(Expression expression)&#xD;
   at Microsoft.EntityFrameworkCore.Query.RelationalQueryableMethodTranslatingExpressionVisitor.Translate(Expression expression)&#xD;
   at Microsoft.EntityFrameworkCore.Query.QueryCompilationContext.CreateQueryExecutor[TResult](Expression query)&#xD;
   at Microsoft.EntityFrameworkCore.Storage.Database.CompileQuery[TResult](Expression query, Boolean async)&#xD;
   at Microsoft.EntityFrameworkCore.Query.Internal.QueryCompiler.CompileQueryCore[TResult](IDatabase database, Expression query, IModel model, Boolean async)&#xD;
   at Microsoft.EntityFrameworkCore.Query.Internal.QueryCompiler.&lt;&gt;c__DisplayClass12_0`1.&lt;ExecuteAsync&gt;b__0()&#xD;
   at Microsoft.EntityFrameworkCore.Query.Internal.CompiledQueryCache.GetOrAddQuery[TResult](Object cacheKey, Func`1 compiler)&#xD;
   at Microsoft.EntityFrameworkCore.Query.Internal.QueryCompiler.ExecuteAsync[TResult](Expression query, CancellationToken cancellationToken)&#xD;
   at Microsoft.EntityFrameworkCore.Query.Internal.EntityQueryProvider.ExecuteAsync[TResult](Expression expression, CancellationToken cancellationToken)&#xD;
   at Microsoft.EntityFrameworkCore.EntityFrameworkQueryableExtensions.ExecuteAsync[TSource,TResult](MethodInfo operatorMethodInfo, IQueryable`1 source, Expression expression, CancellationToken cancellationToken)&#xD;
   at Microsoft.EntityFrameworkCore.EntityFrameworkQueryableExtensions.ExecuteAsync[TSource,TResult](MethodInfo operatorMethodInfo, IQueryable`1 source, CancellationToken cancellationToken)&#xD;
   at Microsoft.EntityFrameworkCore.EntityFrameworkQueryableExtensions.FirstOrDefaultAsync[TSource](IQueryable`1 source, CancellationToken cancellationToken)&#xD;
   at Zebrahoof_EMR.IntegrationTests.SessionManagementTests.&lt;&gt;c__DisplayClass7_0.&lt;&lt;RevokeSession_WithValidSession_RevokesSessionAndLogs&gt;b__0&gt;d.MoveNext() in C:\Users\kimri\OneDrive\Desktop\cloned repos\Zebrahoof EMR\tests\Zebrahoof.EMR.IntegrationTests\SessionManagementTests.cs:line 129&#xD;
--- End of stack trace from previous location ---&#xD;
   at Zebrahoof_EMR.IntegrationTests.CustomWebApplicationFactory.ExecuteDbContextAsync(Func`2 action) in C:\Users\kimri\OneDrive\Desktop\cloned repos\Zebrahoof EMR\tests\Zebrahoof.EMR.IntegrationTests\CustomWebApplicationFactory.cs:line 49&#xD;
   at Zebrahoof_EMR.IntegrationTests.SessionManagementTests.RevokeSession_WithValidSession_RevokesSessionAndLogs() in C:\Users\kimri\OneDrive\Desktop\cloned repos\Zebrahoof EMR\tests\Zebrahoof.EMR.IntegrationTests\SessionManagementTests.cs:line 127&#xD;
--- End of stack trace from previous location ---</StackTrace>
        </ErrorInfo>
      </Output>
    </UnitTestResult>
    <UnitTestResult executionId="fbb95a8e-5a09-47f0-8ff1-690c6d97b511" testId="40e6fd98-23b1-06f3-cc70-e0b91932f5cd" testName="Zebrahoof_EMR.IntegrationTests.AccountAuthFlowTests.Login_WithLockedUser_ReturnsLockedError" computerName="ORION-CRYPTO" duration="00:00:00.0010000" startTime="2026-01-02T20:46:11.9993123-08:00" endTime="2026-01-02T20:46:12.0520215-08:00" testType="13cdc9d9-ddb5-4fa4-a97d-d965ccfc6d4b" outcome="Failed" testListId="8c84fa94-04c1-424b-9868-57a2d4851a1d" relativeResultsDirectory="fbb95a8e-5a09-47f0-8ff1-690c6d97b511">
      <Output>
        <ErrorInfo>
          <Message>System.InvalidOperationException : Failed to create inactive test user: Username 'inactiveuser' is already taken.</Message>
          <StackTrace>   at Zebrahoof_EMR.IntegrationTests.TestDataSeeder.SeedInactiveUserAsync(IServiceProvider services) in C:\Users\kimri\OneDrive\Desktop\cloned repos\Zebrahoof EMR\tests\Zebrahoof.EMR.IntegrationTests\TestDataSeeder.cs:line 95&#xD;
   at Zebrahoof_EMR.IntegrationTests.AccountAuthFlowTests.&lt;&gt;c.&lt;&lt;InitializeAsync&gt;b__3_0&gt;d.MoveNext() in C:\Users\kimri\OneDrive\Desktop\cloned repos\Zebrahoof EMR\tests\Zebrahoof.EMR.IntegrationTests\AccountAuthFlowTests.cs:line 33&#xD;
--- End of stack trace from previous location ---&#xD;
   at Zebrahoof_EMR.IntegrationTests.CustomWebApplicationFactory.ExecuteScopeAsync(Func`2 action) in C:\Users\kimri\OneDrive\Desktop\cloned repos\Zebrahoof EMR\tests\Zebrahoof.EMR.IntegrationTests\CustomWebApplicationFactory.cs:line 55&#xD;
   at Zebrahoof_EMR.IntegrationTests.AccountAuthFlowTests.InitializeAsync() in C:\Users\kimri\OneDrive\Desktop\cloned repos\Zebrahoof EMR\tests\Zebrahoof.EMR.IntegrationTests\AccountAuthFlowTests.cs:line 30</StackTrace>
        </ErrorInfo>
      </Output>
    </UnitTestResult>
    <UnitTestResult executionId="872c5c72-7855-418e-aab2-7a61f6be0f60" testId="a6a9174d-6fcc-70eb-a7db-8dc45c1e2da9" testName="Zebrahoof_EMR.IntegrationTests.DisasterRecoveryTests.External_Service_Failures_Handled" computerName="ORION-CRYPTO" duration="00:00:00.0395355" startTime="2026-01-02T20:46:11.7567762-08:00" endTime="2026-01-02T20:46:11.8553029-08:00" testType="13cdc9d9-ddb5-4fa4-a97d-d965ccfc6d4b" outcome="Failed" testListId="8c84fa94-04c1-424b-9868-57a2d4851a1d" relativeResultsDirectory="872c5c72-7855-418e-aab2-7a61f6be0f60">
      <Output>
        <ErrorInfo>
          <Message>At least some service calls should succeed</Message>
          <StackTrace>   at Zebrahoof_EMR.IntegrationTests.DisasterRecoveryTests.External_Service_Failures_Handled() in C:\Users\kimri\OneDrive\Desktop\cloned repos\Zebrahoof EMR\tests\Zebrahoof.EMR.IntegrationTests\DisasterRecoveryTests.cs:line 320&#xD;
--- End of stack trace from previous location ---</StackTrace>
        </ErrorInfo>
      </Output>
    </UnitTestResult>
    <UnitTestResult executionId="2f9cdd7c-2d35-4585-b351-c9d1990f983e" testId="0f3bdcdb-9bac-73a1-69b1-41dd9c6ca10d" testName="Zebrahoof_EMR.IntegrationTests.SessionManagementTests.ValidateSession_WithInvalidSession_ReturnsNotFound" computerName="ORION-CRYPTO" duration="00:00:02.1533988" startTime="2026-01-02T20:46:09.1101936-08:00" endTime="2026-01-02T20:46:11.6258063-08:00" testType="13cdc9d9-ddb5-4fa4-a97d-d965ccfc6d4b" outcome="Failed" testListId="8c84fa94-04c1-424b-9868-57a2d4851a1d" relativeResultsDirectory="2f9cdd7c-2d35-4585-b351-c9d1990f983e">
      <Output>
        <ErrorInfo>
          <Message>Assert.Equal() Failure: Values differ&#xD;
Expected: NotFound&#xD;
Actual:   Found</Message>
          <StackTrace>   at Zebrahoof_EMR.IntegrationTests.SessionManagementTests.ValidateSession_WithInvalidSession_ReturnsNotFound() in C:\Users\kimri\OneDrive\Desktop\cloned repos\Zebrahoof EMR\tests\Zebrahoof.EMR.IntegrationTests\SessionManagementTests.cs:line 193&#xD;
--- End of stack trace from previous location ---</StackTrace>
        </ErrorInfo>
      </Output>
    </UnitTestResult>
    <UnitTestResult executionId="ef1272af-fe19-447d-a812-32f664534f3c" testId="e9c2c5c3-35a2-3aba-6aac-c6f6d62b1f8a" testName="Zebrahoof_EMR.IntegrationTests.DataIntegrityTests.Transaction_Integrity_Maintained" computerName="ORION-CRYPTO" duration="00:00:00.0087031" startTime="2026-01-02T20:46:11.5522921-08:00" endTime="2026-01-02T20:46:11.6357194-08:00" testType="13cdc9d9-ddb5-4fa4-a97d-d965ccfc6d4b" outcome="Passed" testListId="8c84fa94-04c1-424b-9868-57a2d4851a1d" relativeResultsDirectory="ef1272af-fe19-447d-a812-32f664534f3c" />
    <UnitTestResult executionId="a6b69c5d-3328-4ef5-b94a-0fab8805e9d1" testId="5f390895-a2bc-7e0b-9e71-94b53c9f9f7e" testName="Zebrahoof_EMR.IntegrationTests.DisasterRecoveryTests.Cache_Invalidation_WorksCorrectly" computerName="ORION-CRYPTO" duration="00:00:00.0039521" startTime="2026-01-02T20:46:11.6919465-08:00" endTime="2026-01-02T20:46:11.7555385-08:00" testType="13cdc9d9-ddb5-4fa4-a97d-d965ccfc6d4b" outcome="Failed" testListId="8c84fa94-04c1-424b-9868-57a2d4851a1d" relativeResultsDirectory="a6b69c5d-3328-4ef5-b94a-0fab8805e9d1">
      <Output>
        <ErrorInfo>
          <Message>Microsoft.EntityFrameworkCore.DbUpdateException : An error occurred while saving the entity changes. See the inner exception for details.&#xD;
---- Microsoft.Data.Sqlite.SqliteException : SQLite Error 19: 'FOREIGN KEY constraint failed'.</Message>
          <StackTrace>   at Microsoft.EntityFrameworkCore.Update.ReaderModificationCommandBatch.ExecuteAsync(IRelationalConnection connection, CancellationToken cancellationToken)&#xD;
   at Microsoft.EntityFrameworkCore.Update.Internal.BatchExecutor.ExecuteAsync(IEnumerable`1 commandBatches, IRelationalConnection connection, CancellationToken cancellationToken)&#xD;
   at Microsoft.EntityFrameworkCore.Update.Internal.BatchExecutor.ExecuteAsync(IEnumerable`1 commandBatches, IRelationalConnection connection, CancellationToken cancellationToken)&#xD;
   at Microsoft.EntityFrameworkCore.Update.Internal.BatchExecutor.ExecuteAsync(IEnumerable`1 commandBatches, IRelationalConnection connection, CancellationToken cancellationToken)&#xD;
   at Microsoft.EntityFrameworkCore.ChangeTracking.Internal.StateManager.SaveChangesAsync(IList`1 entriesToSave, CancellationToken cancellationToken)&#xD;
   at Microsoft.EntityFrameworkCore.ChangeTracking.Internal.StateManager.SaveChangesAsync(StateManager stateManager, Boolean acceptAllChangesOnSuccess, CancellationToken cancellationToken)&#xD;
   at Microsoft.EntityFrameworkCore.DbContext.SaveChangesAsync(Boolean acceptAllChangesOnSuccess, CancellationToken cancellationToken)&#xD;
   at Microsoft.EntityFrameworkCore.DbContext.SaveChangesAsync(Boolean acceptAllChangesOnSuccess, CancellationToken cancellationToken)&#xD;
   at Zebrahoof_EMR.IntegrationTests.DisasterRecoveryTests.&lt;&gt;c__DisplayClass6_0.&lt;&lt;Cache_Invalidation_WorksCorrectly&gt;b__0&gt;d.MoveNext() in C:\Users\kimri\OneDrive\Desktop\cloned repos\Zebrahoof EMR\tests\Zebrahoof.EMR.IntegrationTests\DisasterRecoveryTests.cs:line 211&#xD;
--- End of stack trace from previous location ---&#xD;
   at Zebrahoof_EMR.IntegrationTests.CustomWebApplicationFactory.ExecuteDbContextAsync(Func`2 action) in C:\Users\kimri\OneDrive\Desktop\cloned repos\Zebrahoof EMR\tests\Zebrahoof.EMR.IntegrationTests\CustomWebApplicationFactory.cs:line 49&#xD;
   at Zebrahoof_EMR.IntegrationTests.DisasterRecoveryTests.Cache_Invalidation_WorksCorrectly() in C:\Users\kimri\OneDrive\Desktop\cloned repos\Zebrahoof EMR\tests\Zebrahoof.EMR.IntegrationTests\DisasterRecoveryTests.cs:line 197&#xD;
--- End of stack trace from previous location ---&#xD;
----- Inner Stack Trace -----&#xD;
   at Microsoft.Data.Sqlite.SqliteException.ThrowExceptionForRC(Int32 rc, sqlite3 db)&#xD;
   at Microsoft.Data.Sqlite.SqliteDataReader.NextResult()&#xD;
   at Microsoft.Data.Sqlite.SqliteCommand.ExecuteReader(CommandBehavior behavior)&#xD;
   at Microsoft.Data.Sqlite.SqliteCommand.ExecuteReaderAsync(CommandBehavior behavior, CancellationToken cancellationToken)&#xD;
   at Microsoft.Data.Sqlite.SqliteCommand.ExecuteDbDataReaderAsync(CommandBehavior behavior, CancellationToken cancellationToken)&#xD;
   at Microsoft.EntityFrameworkCore.Storage.RelationalCommand.ExecuteReaderAsync(RelationalCommandParameterObject parameterObject, CancellationToken cancellationToken)&#xD;
   at Microsoft.EntityFrameworkCore.Storage.RelationalCommand.ExecuteReaderAsync(RelationalCommandParameterObject parameterObject, CancellationToken cancellationToken)&#xD;
   at Microsoft.EntityFrameworkCore.Update.ReaderModificationCommandBatch.ExecuteAsync(IRelationalConnection connection, CancellationToken cancellationToken)</StackTrace>
        </ErrorInfo>
      </Output>
    </UnitTestResult>
    <UnitTestResult executionId="bcb1c7ad-1e4a-43a3-8e99-0e6d1f642457" testId="c4d1ad7f-089c-0020-11c1-6c1ec96d4889" testName="Zebrahoof_EMR.IntegrationTests.DatabaseMigrationTests.Database_CanResetAndReseed" computerName="ORION-CRYPTO" duration="00:00:00.1164278" startTime="2026-01-02T20:46:11.5886872-08:00" endTime="2026-01-02T20:46:11.7105935-08:00" testType="13cdc9d9-ddb5-4fa4-a97d-d965ccfc6d4b" outcome="Failed" testListId="8c84fa94-04c1-424b-9868-57a2d4851a1d" relativeResultsDirectory="bcb1c7ad-1e4a-43a3-8e99-0e6d1f642457">
      <Output>
        <ErrorInfo>
          <Message>Assert.Equal() Failure: Values differ&#xD;
Expected: 0&#xD;
Actual:   8</Message>
          <StackTrace>   at Zebrahoof_EMR.IntegrationTests.DatabaseMigrationTests.&lt;&gt;c.&lt;&lt;Database_CanResetAndReseed&gt;b__6_2&gt;d.MoveNext() in C:\Users\kimri\OneDrive\Desktop\cloned repos\Zebrahoof EMR\tests\Zebrahoof.EMR.IntegrationTests\DatabaseMigrationTests.cs:line 99&#xD;
--- End of stack trace from previous location ---&#xD;
   at Zebrahoof_EMR.IntegrationTests.CustomWebApplicationFactory.ExecuteDbContextAsync(Func`2 action) in C:\Users\kimri\OneDrive\Desktop\cloned repos\Zebrahoof EMR\tests\Zebrahoof.EMR.IntegrationTests\CustomWebApplicationFactory.cs:line 49&#xD;
   at Zebrahoof_EMR.IntegrationTests.DatabaseMigrationTests.Database_CanResetAndReseed() in C:\Users\kimri\OneDrive\Desktop\cloned repos\Zebrahoof EMR\tests\Zebrahoof.EMR.IntegrationTests\DatabaseMigrationTests.cs:line 93&#xD;
--- End of stack trace from previous location ---</StackTrace>
        </ErrorInfo>
      </Output>
    </UnitTestResult>
    <UnitTestResult executionId="1b2caf9c-028b-49a2-950e-669aebd4b7a5" testId="4083aaff-113c-139f-445d-9658b59e385f" testName="Zebrahoof_EMR.IntegrationTests.SessionManagementTests.GetActiveSessions_ReturnsOnlyActiveSessions" computerName="ORION-CRYPTO" duration="00:00:00.0809135" startTime="2026-01-02T20:46:11.8512543-08:00" endTime="2026-01-02T20:46:12.0032416-08:00" testType="13cdc9d9-ddb5-4fa4-a97d-d965ccfc6d4b" outcome="Failed" testListId="8c84fa94-04c1-424b-9868-57a2d4851a1d" relativeResultsDirectory="1b2caf9c-028b-49a2-950e-669aebd4b7a5">
      <Output>
        <ErrorInfo>
          <Message>System.Net.Http.HttpRequestException : Response status code does not indicate success: 302 (Found).</Message>
          <StackTrace>   at System.Net.Http.HttpResponseMessage.EnsureSuccessStatusCode()&#xD;
   at Zebrahoof_EMR.IntegrationTests.SessionManagementTests.GetActiveSessions_ReturnsOnlyActiveSessions() in C:\Users\kimri\OneDrive\Desktop\cloned repos\Zebrahoof EMR\tests\Zebrahoof.EMR.IntegrationTests\SessionManagementTests.cs:line 63&#xD;
--- End of stack trace from previous location ---</StackTrace>
        </ErrorInfo>
      </Output>
    </UnitTestResult>
    <UnitTestResult executionId="0ba9986f-a034-4510-9112-2a935dd438e0" testId="e9ea78fb-76a2-5505-697a-bed1578a3f12" testName="Zebrahoof_EMR.IntegrationTests.AccountAuthFlowTests.Login_WithAdminUser_CreatesExtendedIdleSession" computerName="ORION-CRYPTO" duration="00:00:00.0010000" startTime="2026-01-02T20:46:11.8818019-08:00" endTime="2026-01-02T20:46:11.9406416-08:00" testType="13cdc9d9-ddb5-4fa4-a97d-d965ccfc6d4b" outcome="Failed" testListId="8c84fa94-04c1-424b-9868-57a2d4851a1d" relativeResultsDirectory="0ba9986f-a034-4510-9112-2a935dd438e0">
      <Output>
        <ErrorInfo>
          <Message>System.InvalidOperationException : Failed to create inactive test user: Username 'inactiveuser' is already taken.</Message>
          <StackTrace>   at Zebrahoof_EMR.IntegrationTests.TestDataSeeder.SeedInactiveUserAsync(IServiceProvider services) in C:\Users\kimri\OneDrive\Desktop\cloned repos\Zebrahoof EMR\tests\Zebrahoof.EMR.IntegrationTests\TestDataSeeder.cs:line 95&#xD;
[...]
info: Microsoft.EntityFrameworkCore.Database.Command[20101]&#xD;
      Executed DbCommand (0ms) [Parameters=[], CommandType='Text', CommandTimeout='30']&#xD;
      SELECT "a"."Id", "a"."AccessFailedCount", "a"."ConcurrencyStamp", "a"."CreatedAt", "a"."DateOfBirth", "a"."Department", "a"."DisplayName", "a"."Email", "a"."EmailConfirmed", "a"."FirstName", "a"."IsActive", "a"."LastName", "a"."LockoutEnabled", "a"."LockoutEnd", "a"."MfaSecret", "a"."NormalizedEmail", "a"."NormalizedUserName", "a"."PasswordHash", "a"."PasswordSalt", "a"."PhoneNumber", "a"."PhoneNumberConfirmed", "a"."SecurityStamp", "a"."TwoFactorEnabled", "a"."UserName"&#xD;
      FROM "AspNetUsers" AS "a"&#xD;
info: Microsoft.EntityFrameworkCore.Database.Command[20101]&#xD;
      Executed DbCommand (0ms) [Parameters=[@p0='?' (Size = 36), @p1='?' (Size = 36)], CommandType='Text', CommandTimeout='30']&#xD;
      DELETE FROM "AspNetUsers"&#xD;
      WHERE "Id" = @p0 AND "ConcurrencyStamp" = @p1&#xD;
      RETURNING 1;&#xD;
info: Microsoft.EntityFrameworkCore.Database.Command[20101]&#xD;
      Executed DbCommand (0ms) [Parameters=[], CommandType='Text', CommandTimeout='30']&#xD;
      SELECT "a"."Id", "a"."Action", "a"."Metadata", "a"."Scope", "a"."Timestamp", "a"."UserId"&#xD;
      FROM "AuditLogs" AS "a"&#xD;
info: Microsoft.EntityFrameworkCore.Database.Command[20101]&#xD;
      Executed DbCommand (0ms) [Parameters=[], CommandType='Text', CommandTimeout='30']&#xD;
      SELECT "u"."Id", "u"."CreatedAt", "u"."DeviceFingerprint", "u"."DeviceName", "u"."ExpiresAt", "u"."IdleTimeoutMinutes", "u"."IpAddress", "u"."IsRevoked", "u"."LastSeenAt", "u"."RefreshToken", "u"."UserId", "u"."UserId1"&#xD;
      FROM "UserSessions" AS "u"&#xD;
info: Microsoft.EntityFrameworkCore.Database.Command[20101]&#xD;
      Executed DbCommand (0ms) [Parameters=[@p0='?' (DbType = Guid)], CommandType='Text', CommandTimeout='30']&#xD;
      DELETE FROM "AuditLogs"&#xD;
      WHERE "Id" = @p0&#xD;
      RETURNING 1;&#xD;
info: Microsoft.EntityFrameworkCore.Database.Command[20101]&#xD;
      Executed DbCommand (0ms) [Parameters=[@p0='?' (DbType = Guid)], CommandType='Text', CommandTimeout='30']&#xD;
      DELETE FROM "AuditLogs"&#xD;
      WHERE "Id" = @p0&#xD;
      RETURNING 1;&#xD;
[xUnit.net 00:00:03.45]       System.InvalidOperationException : The LINQ expression 'DbSet&lt;UserSession&gt;()&#xD;
[xUnit.net 00:00:03.45]           .Where(u =&gt; !(u.IsRevoked) &amp;&amp; u.ExpiresAt &gt; DateTimeOffset.UtcNow)' could not be translated. Either rewrite the query in a form that can be translated, or switch to client evaluation explicitly by inserting a call to 'AsEnumerable', 'AsAsyncEnumerable', 'ToList', or 'ToListAsync'. See https://go.microsoft.com/fwlink/?linkid=2101038 for more information.&#xD;
[xUnit.net 00:00:03.45]       Stack Trace:&#xD;
[xUnit.net 00:00:03.45]            at Microsoft.EntityFrameworkCore.Query.QueryableMethodTranslatingExpressionVisitor.Translate(Expression expression)&#xD;
[xUnit.net 00:00:03.45]            at Microsoft.EntityFrameworkCore.Query.RelationalQueryableMethodTranslatingExpressionVisitor.Translate(Expression expression)&#xD;
[xUnit.net 00:00:03.45]            at Microsoft.EntityFrameworkCore.Query.QueryCompilationContext.CreateQueryExecutor[TResult](Expression query)&#xD;
[xUnit.net 00:00:03.45]            at Microsoft.EntityFrameworkCore.Storage.Database.CompileQuery[TResult](Expression query, Boolean async)&#xD;
[xUnit.net 00:00:03.45]            at Microsoft.EntityFrameworkCore.Query.Internal.QueryCompiler.CompileQueryCore[TResult](IDatabase database, Expression query, IModel model, Boolean async)&#xD;
[xUnit.net 00:00:03.45]            at Microsoft.EntityFrameworkCore.Query.Internal.QueryCompiler.&lt;&gt;c__DisplayClass12_0`1.&lt;ExecuteAsync&gt;b__0()&#xD;
[xUnit.net 00:00:03.45]            at Microsoft.EntityFrameworkCore.Query.Internal.CompiledQueryCache.GetOrAddQuery[TResult](Object cacheKey, Func`1 compiler)&#xD;
[xUnit.net 00:00:03.45]            at Microsoft.EntityFrameworkCore.Query.Internal.QueryCompiler.ExecuteAsync[TResult](Expression query, CancellationToken cancellationToken)&#xD;
[xUnit.net 00:00:03.45]            at Microsoft.EntityFrameworkCore.Query.Internal.EntityQueryProvider.ExecuteAsync[TResult](Expression expression, CancellationToken cancellationToken)&#xD;
[xUnit.net 00:00:03.45]            at Microsoft.EntityFrameworkCore.EntityFrameworkQueryableExtensions.ExecuteAsync[TSource,TResult](MethodInfo operatorMethodInfo, IQueryable`1 source, Expression expression, CancellationToken cancellationToken)&#xD;
[xUnit.net 00:00:03.45]            at Microsoft.EntityFrameworkCore.EntityFrameworkQueryableExtensions.ExecuteAsync[TSource,TResult](MethodInfo operatorMethodInfo, IQueryable`1 source, CancellationToken cancellationToken)&#xD;
[xUnit.net 00:00:03.45]            at Microsoft.EntityFrameworkCore.EntityFrameworkQueryableExtensions.FirstOrDefaultAsync[TSource](IQueryable`1 source, CancellationToken cancellationToken)&#xD;
[xUnit.net 00:00:03.45]         C:\Users\kimri\OneDrive\Desktop\cloned repos\Zebrahoof EMR\tests\Zebrahoof.EMR.IntegrationTests\SessionManagementTests.cs(129,0): at Zebrahoof_EMR.IntegrationTests.SessionManagementTests.&lt;&gt;c__DisplayClass7_0.&lt;&lt;RevokeSession_WithValidSession_RevokesSessionAndLogs&gt;b__0&gt;d.MoveNext()&#xD;
[xUnit.net 00:00:03.45]         --- End of stack trace from previous location ---&#xD;
[xUnit.net 00:00:03.45]         C:\Users\kimri\OneDrive\Desktop\cloned repos\Zebrahoof EMR\tests\Zebrahoof.EMR.IntegrationTests\CustomWebApplicationFactory.cs(49,0): at Zebrahoof_EMR.IntegrationTests.CustomWebApplicationFactory.ExecuteDbContextAsync(Func`2 action)&#xD;
[xUnit.net 00:00:03.45]         C:\Users\kimri\OneDrive\Desktop\cloned repos\Zebrahoof EMR\tests\Zebrahoof.EMR.IntegrationTests\SessionManagementTests.cs(127,0): at Zebrahoof_EMR.IntegrationTests.SessionManagementTests.RevokeSession_WithValidSession_RevokesSessionAndLogs()&#xD;
[xUnit.net 00:00:03.45]         --- End of stack trace from previous location ---&#xD;
[xUnit.net 00:00:03.45]       System.IO.IOException : The process cannot access the file 'C:\Users\kimri\AppData\Local\Temp\zebrahoof-inttests-be8bfc9369524420a99e057b835f7a57.db' because it is being used by another process.&#xD;
[xUnit.net 00:00:03.45]       Stack Trace:&#xD;
[xUnit.net 00:00:03.45]            at System.IO.FileSystem.DeleteFile(String fullPath)&#xD;
[xUnit.net 00:00:03.45]         C:\Users\kimri\OneDrive\Desktop\cloned repos\Zebrahoof EMR\tests\Zebrahoof.EMR.IntegrationTests\CustomWebApplicationFactory.cs(63,0): at Zebrahoof_EMR.IntegrationTests.CustomWebApplicationFactory.Dispose(Boolean disposing)&#xD;
[xUnit.net 00:00:03.45]            at Microsoft.AspNetCore.Mvc.Testing.WebApplicationFactory`1.DisposeAsync()&#xD;
[xUnit.net 00:00:03.45]            at Microsoft.AspNetCore.Mvc.Testing.WebApplicationFactory`1.Dispose(Boolean disposing)&#xD;
[xUnit.net 00:00:03.45]         C:\Users\kimri\OneDrive\Desktop\cloned repos\Zebrahoof EMR\tests\Zebrahoof.EMR.IntegrationTests\CustomWebApplicationFactory.cs(60,0): at Zebrahoof_EMR.IntegrationTests.CustomWebApplicationFactory.Dispose(Boolean disposing)&#xD;
[xUnit.net 00:00:03.45]            at Microsoft.AspNetCore.Mvc.Testing.WebApplicationFactory`1.Dispose()&#xD;
[xUnit.net 00:00:03.46]   Finished:    Zebrahoof.EMR.IntegrationTests&#xD;
</StdOut>
    </Output>
    <RunInfos>
      <RunInfo computerName="ORION-CRYPTO" outcome="Error" timestamp="2026-01-02T20:46:11.5468073-08:00">
        <Text>[xUnit.net 00:00:02.60]     Zebrahoof_EMR.IntegrationTests.DataIntegrityTests.DataConsistency_AcrossOperations_Maintained [FAIL]</Text>
      </RunInfo>
      <RunInfo computerName="ORION-CRYPTO" outcome="Error" timestamp="2026-01-02T20:46:11.5527140-08:00">
        <Text>[xUnit.net 00:00:02.61]     Zebrahoof_EMR.IntegrationTests.SecurityTests.Input_WithMaliciousData_Sanitized [FAIL]</Text>
      </RunInfo>
      <RunInfo computerName="ORION-CRYPTO" outcome="Error" timestamp="2026-01-02T20:46:11.5717538-08:00">
        <Text>[xUnit.net 00:00:02.63]     Zebrahoof_EMR.IntegrationTests.DatabaseMigrationTests.Database_Transactions_RollbackOnFailure [FAIL]</Text>
      </RunInfo>
      <RunInfo computerName="ORION-CRYPTO" outcome="Error" timestamp="2026-01-02T20:46:11.6185790-08:00">
        <Text>[xUnit.net 00:00:02.67]     Zebrahoof_EMR.IntegrationTests.DisasterRecoveryTests.Data_Encryption_Verified [FAIL]</Text>
      </RunInfo>
      <RunInfo computerName="ORION-CRYPTO" outcome="Error" timestamp="2026-01-02T20:46:11.6207268-08:00">
        <Text>[xUnit.net 00:00:02.67]     Zebrahoof_EMR.IntegrationTests.SecurityTests.ProtectedEndpoint_WithoutAuthentication_ReturnsRedirect [FAIL]</Text>
      </RunInfo>
      <RunInfo computerName="ORION-CRYPTO" outcome="Error" timestamp="2026-01-02T20:46:11.6261257-08:00">
        <Text>[xUnit.net 00:00:02.68]     Zebrahoof_EMR.IntegrationTests.SessionManagementTests.ValidateSession_WithInvalidSession_ReturnsNotFound [FAIL]</Text>
      </RunInfo>
      <RunInfo computerName="ORION-CRYPTO" outcome="Error" timestamp="2026-01-02T20:46:11.6865268-08:00">
        <Text>[xUnit.net 00:00:02.74]     Zebrahoof_EMR.IntegrationTests.SecurityTests.Login_WithXSS_Attempt_Blocked [FAIL]</Text>
      </RunInfo>
      <RunInfo computerName="ORION-CRYPTO" outcome="Error" timestamp="2026-01-02T20:46:11.6901696-08:00">
        <Text>[xUnit.net 00:00:02.74]     Zebrahoof_EMR.IntegrationTests.AccountAuthFlowTests.Refresh_WithValidTokens_ReturnsNewToken [FAIL]</Text>
      </RunInfo>
      <RunInfo computerName="ORION-CRYPTO" outcome="Error" timestamp="2026-01-02T20:46:11.6907933-08:00">
        <Text>[xUnit.net 00:00:02.74]     Zebrahoof_EMR.IntegrationTests.DisasterRecoveryTests.Database_Failover_Scenario_Handled [FAIL]</Text>
      </RunInfo>
      <RunInfo computerName="ORION-CRYPTO" outcome="Error" timestamp="2026-01-02T20:46:11.7108308-08:00">
        <Text>[xUnit.net 00:00:02.76]     Zebrahoof_EMR.IntegrationTests.DatabaseMigrationTests.Database_CanResetAndReseed [FAIL]</Text>
      </RunInfo>
      <RunInfo computerName="ORION-CRYPTO" outcome="Error" timestamp="2026-01-02T20:46:11.7119015-08:00">
        <Text>[xUnit.net 00:00:02.77]     Zebrahoof_EMR.IntegrationTests.DataIntegrityTests.GDPR_Compliance_Features_Work [FAIL]</Text>
      </RunInfo>
      <RunInfo computerName="ORION-CRYPTO" outcome="Error" timestamp="2026-01-02T20:46:11.7224318-08:00">
        <Text>[xUnit.net 00:00:02.78]     [Test Class Cleanup Failure (Zebrahoof_EMR.IntegrationTests.DatabaseMigrationTests)] System.IO.IOException</Text>
      </RunInfo>
      <RunInfo computerName="ORION-CRYPTO" outcome="Error" timestamp="2026-01-02T20:46:11.7413333-08:00">
        <Text>[xUnit.net 00:00:02.80]     Zebrahoof_EMR.IntegrationTests.SecurityTests.Login_WithInvalidCredentials_ReturnsUnauthorized [FAIL]</Text>
      </RunInfo>
      <RunInfo computerName="ORION-CRYPTO" outcome="Error" timestamp="2026-01-02T20:46:11.7536778-08:00">
        <Text>[xUnit.net 00:00:02.81]     Zebrahoof_EMR.IntegrationTests.AccountAuthFlowTests.Login_WithInvalidCredentials_ReturnsError [FAIL]</Text>
      </RunInfo>
      <RunInfo computerName="ORION-CRYPTO" outcome="Error" timestamp="2026-01-02T20:46:11.7556900-08:00">
        <Text>[xUnit.net 00:00:02.81]     Zebrahoof_EMR.IntegrationTests.DisasterRecoveryTests.Cache_Invalidation_WorksCorrectly [FAIL]</Text>
      </RunInfo>
      <RunInfo computerName="ORION-CRYPTO" outcome="Error" timestamp="2026-01-02T20:46:11.8028973-08:00">
        <Text>[xUnit.net 00:00:02.86]     Zebrahoof_EMR.IntegrationTests.DataIntegrityTests.ConcurrentData_Modifications_HandledCorrectly [FAIL]</Text>
      </RunInfo>
      <RunInfo computerName="ORION-CRYPTO" outcome="Error" timestamp="2026-01-02T20:46:11.8046007-08:00">
        <Text>[xUnit.net 00:00:02.86]     Zebrahoof_EMR.IntegrationTests.SecurityTests.Login_WithSQLInjection_Attempt_Blocked [FAIL]</Text>
      </RunInfo>
      <RunInfo computerName="ORION-CRYPTO" outcome="Error" timestamp="2026-01-02T20:46:11.8256371-08:00">
        <Text>[xUnit.net 00:00:02.88]     Zebrahoof_EMR.IntegrationTests.AccountAuthFlowTests.Logout_WithValidSession_ClearsCookiesAndRevokesSession [FAIL]</Text>
      </RunInfo>
      <RunInfo computerName="ORION-CRYPTO" outcome="Error" timestamp="2026-01-02T20:46:11.8507593-08:00">
        <Text>[xUnit.net 00:00:02.90]     Zebrahoof_EMR.IntegrationTests.SessionManagementTests.ValidateSession_WithValidSession_ReturnsSessionInfo [FAIL]</Text>
      </RunInfo>
      <RunInfo computerName="ORION-CRYPTO" outcome="Error" timestamp="2026-01-02T20:46:11.8554765-08:00">
        <Text>[xUnit.net 00:00:02.91]     Zebrahoof_EMR.IntegrationTests.DisasterRecoveryTests.External_Service_Failures_Handled [FAIL]</Text>
      </RunInfo>
      <RunInfo computerName="ORION-CRYPTO" outcome="Error" timestamp="2026-01-02T20:46:11.8598033-08:00">
        <Text>[xUnit.net 00:00:02.91]     Zebrahoof_EMR.IntegrationTests.SecurityTests.Session_WithInvalidToken_Rejected [FAIL]</Text>
      </RunInfo>
      <RunInfo computerName="ORION-CRYPTO" outcome="Error" timestamp="2026-01-02T20:46:11.8813536-08:00">
        <Text>[xUnit.net 00:00:02.94]     Zebrahoof_EMR.IntegrationTests.AccountAuthFlowTests.Login_WithRememberMe_CreatesPersistentSession [FAIL]</Text>
      </RunInfo>
      <RunInfo computerName="ORION-CRYPTO" outcome="Error" timestamp="2026-01-02T20:46:11.8864062-08:00">
        <Text>[xUnit.net 00:00:02.94]     Zebrahoof_EMR.IntegrationTests.DataIntegrityTests.DataBackup_Restore_Scenarios_Work [FAIL]</Text>
      </RunInfo>
      <RunInfo computerName="ORION-CRYPTO" outcome="Error" timestamp="2026-01-02T20:46:11.9237799-08:00">
        <Text>[xUnit.net 00:00:02.98]     Zebrahoof_EMR.IntegrationTests.SecurityTests.HTTPS_Enforced_RedirectsToHTTPS [FAIL]</Text>
      </RunInfo>
      <RunInfo computerName="ORION-CRYPTO" outcome="Error" timestamp="2026-01-02T20:46:11.9335505-08:00">
        <Text>[xUnit.net 00:00:02.99]     Zebrahoof_EMR.IntegrationTests.DisasterRecoveryTests.Application_Restart_Behavior_Correct [FAIL]</Text>
      </RunInfo>
      <RunInfo computerName="ORION-CRYPTO" outcome="Error" timestamp="2026-01-02T20:46:11.9347735-08:00">
        <Text>[xUnit.net 00:00:02.99]     [Test Class Cleanup Failure (Zebrahoof_EMR.IntegrationTests.DisasterRecoveryTests)] System.IO.IOException</Text>
      </RunInfo>
      <RunInfo computerName="ORION-CRYPTO" outcome="Error" timestamp="2026-01-02T20:46:11.9408456-08:00">
        <Text>[xUnit.net 00:00:02.99]     Zebrahoof_EMR.IntegrationTests.AccountAuthFlowTests.Login_WithAdminUser_CreatesExtendedIdleSession [FAIL]</Text>
      </RunInfo>
      <RunInfo computerName="ORION-CRYPTO" outcome="Error" timestamp="2026-01-02T20:46:11.9615446-08:00">
        <Text>[xUnit.net 00:00:03.02]     Zebrahoof_EMR.IntegrationTests.DataIntegrityTests.AuditTrail_Completeness_Verified [FAIL]</Text>
      </RunInfo>
      <RunInfo computerName="ORION-CRYPTO" outcome="Error" timestamp="2026-01-02T20:46:11.9634797-08:00">
        <Text>[xUnit.net 00:00:03.02]     [Test Class Cleanup Failure (Zebrahoof_EMR.IntegrationTests.DataIntegrityTests)] System.IO.IOException</Text>
      </RunInfo>
      <RunInfo computerName="ORION-CRYPTO" outcome="Error" timestamp="2026-01-02T20:46:11.9988494-08:00">
        <Text>[xUnit.net 00:00:03.05]     Zebrahoof_EMR.IntegrationTests.AccountAuthFlowTests.Login_WithMaliciousReturnUrl_RedirectsToRoot [FAIL]</Text>
      </RunInfo>
      <RunInfo computerName="ORION-CRYPTO" outcome="Error" timestamp="2026-01-02T20:46:11.9994672-08:00">
        <Text>[xUnit.net 00:00:03.05]     Zebrahoof_EMR.IntegrationTests.SecurityTests.RateLimiting_ExcessiveRequests_Blocked [FAIL]</Text>
      </RunInfo>
      <RunInfo computerName="ORION-CRYPTO" outcome="Error" timestamp="2026-01-02T20:46:12.0033702-08:00">
        <Text>[xUnit.net 00:00:03.06]     Zebrahoof_EMR.IntegrationTests.SessionManagementTests.GetActiveSessions_ReturnsOnlyActiveSessions [FAIL]</Text>
      </RunInfo>
      <RunInfo computerName="ORION-CRYPTO" outcome="Error" timestamp="2026-01-02T20:46:12.0522366-08:00">
        <Text>[xUnit.net 00:00:03.11]     Zebrahoof_EMR.IntegrationTests.AccountAuthFlowTests.Login_WithLockedUser_ReturnsLockedError [FAIL]</Text>
      </RunInfo>
      <RunInfo computerName="ORION-CRYPTO" outcome="Error" timestamp="2026-01-02T20:46:12.0526308-08:00">
        <Text>[xUnit.net 00:00:03.11]     Zebrahoof_EMR.IntegrationTests.SecurityTests.AdminEndpoint_WithNonAdminUser_ReturnsForbidden [FAIL]</Text>
      </RunInfo>
      <RunInfo computerName="ORION-CRYPTO" outcome="Error" timestamp="2026-01-02T20:46:12.1071209-08:00">
        <Text>[xUnit.net 00:00:03.16]     Zebrahoof_EMR.IntegrationTests.AccountAuthFlowTests.Login_HappyPath_WithValidCredentials_RedirectsAndCreatesSession [FAIL]</Text>
      </RunInfo>
      <RunInfo computerName="ORION-CRYPTO" outcome="Error" timestamp="2026-01-02T20:46:12.1114153-08:00">
        <Text>[xUnit.net 00:00:03.17]     Zebrahoof_EMR.IntegrationTests.SecurityTests.Session_Hijacking_Attempt_Detected [FAIL]</Text>
      </RunInfo>
      <RunInfo computerName="ORION-CRYPTO" outcome="Error" timestamp="2026-01-02T20:46:12.1120060-08:00">
        <Text>[xUnit.net 00:00:03.17]     [Test Class Cleanup Failure (Zebrahoof_EMR.IntegrationTests.SecurityTests)] System.IO.IOException</Text>
      </RunInfo>
      <RunInfo computerName="ORION-CRYPTO" outcome="Error" timestamp="2026-01-02T20:46:12.1316739-08:00">
        <Text>[xUnit.net 00:00:03.19]     Zebrahoof_EMR.IntegrationTests.SessionManagementTests.GetSessionInfo_WithValidSession_ReturnsRemainingTimes [FAIL]</Text>
      </RunInfo>
      <RunInfo computerName="ORION-CRYPTO" outcome="Error" timestamp="2026-01-02T20:46:12.1680753-08:00">
        <Text>[xUnit.net 00:00:03.22]     Zebrahoof_EMR.IntegrationTests.AccountAuthFlowTests.Login_WithInactiveUser_ReturnsInactiveError [FAIL]</Text>
      </RunInfo>
      <RunInfo computerName="ORION-CRYPTO" outcome="Error" timestamp="2026-01-02T20:46:12.2227392-08:00">
        <Text>[xUnit.net 00:00:03.28]     Zebrahoof_EMR.IntegrationTests.AccountAuthFlowTests.Login_WithEmailInsteadOfUsername_WorksCorrectly [FAIL]</Text>
      </RunInfo>
      <RunInfo computerName="ORION-CRYPTO" outcome="Error" timestamp="2026-01-02T20:46:12.2667002-08:00">
        <Text>[xUnit.net 00:00:03.32]     Zebrahoof_EMR.IntegrationTests.SessionManagementTests.GetActiveSessionCount_ReturnsCorrectCount [FAIL]</Text>
      </RunInfo>
      <RunInfo computerName="ORION-CRYPTO" outcome="Error" timestamp="2026-01-02T20:46:12.2958996-08:00">
        <Text>[xUnit.net 00:00:03.35]     Zebrahoof_EMR.IntegrationTests.AccountAuthFlowTests.Logout_WithoutValidSession_StillRedirectsSuccessfully [FAIL]</Text>
      </RunInfo>
      <RunInfo computerName="ORION-CRYPTO" outcome="Error" timestamp="2026-01-02T20:46:12.3503840-08:00">
        <Text>[xUnit.net 00:00:03.40]     Zebrahoof_EMR.IntegrationTests.AccountAuthFlowTests.Refresh_WithInvalidTokens_ReturnsUnauthorized [FAIL]</Text>
      </RunInfo>
      <RunInfo computerName="ORION-CRYPTO" outcome="Error" timestamp="2026-01-02T20:46:12.3511338-08:00">
        <Text>[xUnit.net 00:00:03.40]     [Test Class Cleanup Failure (Zebrahoof_EMR.IntegrationTests.AccountAuthFlowTests)] System.IO.IOException</Text>
      </RunInfo>
      <RunInfo computerName="ORION-CRYPTO" outcome="Error" timestamp="2026-01-02T20:46:12.3962527-08:00">
        <Text>[xUnit.net 00:00:03.45]     Zebrahoof_EMR.IntegrationTests.SessionManagementTests.RevokeSession_WithValidSession_RevokesSessionAndLogs [FAIL]</Text>
      </RunInfo>
      <RunInfo computerName="ORION-CRYPTO" outcome="Error" timestamp="2026-01-02T20:46:12.3981119-08:00">
        <Text>[xUnit.net 00:00:03.45]     [Test Class Cleanup Failure (Zebrahoof_EMR.IntegrationTests.SessionManagementTests)] System.IO.IOException</Text>
      </RunInfo>
    </RunInfos>
  </ResultSummary>
</TestRun>